2019-10-18 20:20:24     INFO: Analyzing m191019_0016.fits
2019-10-18 20:20:24     INFO:   solve-field -O -p -z 2 -t 2
2019-10-18 20:21:39     INFO: Analyzing m191019_0016.fits
2019-10-18 20:21:39     INFO:   solve-field -O -p -z 2 -t 2
2019-10-18 20:24:00     INFO:   Solved 141 s: 364.6 arcsec, 7.40 deg at drive = -359.50 deg
2019-10-18 20:24:01     INFO: Analyzing m191019_0017.fits
2019-10-18 20:24:01     INFO:   solve-field -O -p -z 2 -t 2
2019-10-18 20:24:29     INFO:   Solved 28 s: 364.7 arcsec, 7.48 deg at drive = -314.12 deg
2019-10-18 20:24:29     INFO: Analyzing m191019_0018.fits
2019-10-18 20:24:29     INFO:   solve-field -O -p -z 2 -t 2
2019-10-18 20:26:32     INFO:   Solved 123 s: 365.5 arcsec, 7.46 deg at drive = -268.71 deg
2019-10-18 20:26:32     INFO: Analyzing m191019_0019.fits
2019-10-18 20:26:32     INFO:   solve-field -O -p -z 2 -t 2
2019-10-18 20:26:57     INFO:   Solved 25 s: 365.3 arcsec, 7.29 deg at drive = -223.27 deg
2019-10-18 20:30:02     INFO: Analyzing m191019_0020.fits
2019-10-18 20:30:02     INFO:   solve-field -O -p -z 2 -t 2
2019-10-18 20:32:16     INFO:   Solved 134 s: 365.6 arcsec, 7.12 deg at drive = -177.77 deg
2019-10-18 20:32:16     INFO: Analyzing m191019_0021.fits
2019-10-18 20:32:16     INFO:   solve-field -O -p -z 2 -t 2
2019-10-18 20:32:37     INFO:   Solved 21 s: 365.0 arcsec, 7.07 deg at drive = -132.29 deg
2019-10-18 20:32:37     INFO: Analyzing m191019_0022.fits
2019-10-18 20:32:37     INFO:   solve-field -O -p -z 2 -t 2
2019-10-18 20:34:53     INFO:   Solved 136 s: 365.1 arcsec, 7.15 deg at drive = -86.87 deg
2019-10-18 20:34:53     INFO: Analyzing m191019_0023.fits
2019-10-18 20:34:53     INFO:   solve-field -O -p -z 2 -t 2
2019-10-18 20:36:45     INFO:   Solved 112 s: 364.9 arcsec, 7.28 deg at drive = -41.48 deg
2019-10-18 20:36:45     INFO: Analyzing m191019_0024.fits
2019-10-18 20:36:45     INFO:   solve-field -O -p -z 2 -t 2
2019-10-18 20:37:05     INFO:   Solved 20 s: 364.6 arcsec, 7.38 deg at drive = 3.90 deg
2019-10-18 20:37:05     INFO: Analyzing m191019_0025.fits
2019-10-18 20:37:05     INFO:   solve-field -O -p -z 2 -t 2
2019-10-18 20:37:27     INFO:   Solved 22 s: 364.8 arcsec, 7.49 deg at drive = 49.30 deg
2019-10-18 20:37:27     INFO: Analyzing m191019_0026.fits
2019-10-18 20:37:27     INFO:   solve-field -O -p -z 2 -t 2
2019-10-18 20:37:45     INFO:   Solved 18 s: 364.7 arcsec, 7.40 deg at drive = 5.15 deg
2019-10-18 20:37:45     INFO: Analyzing m191019_0027.fits
2019-10-18 20:37:45     INFO:   solve-field -O -p -z 2 -t 2
2019-10-18 20:52:36    ERROR:   Astrometry solve failed for m191019_0027.fits
2019-10-18 20:52:36     INFO: Analyzing m191019_0028.fits
2019-10-18 20:52:36     INFO:   solve-field -O -p -z 2 -t 2
2019-10-18 20:54:17     INFO:   Solved 101 s: 364.6 arcsec, 7.27 deg at drive = -38.26 deg
2019-10-18 20:54:17     INFO: Analyzing m191019_0029.fits
2019-10-18 20:54:17     INFO:   solve-field -O -p -z 2 -t 2
2019-10-18 20:54:46     INFO:   Solved 29 s: 365.1 arcsec, 7.21 deg at drive = -82.66 deg
2019-10-18 21:10:18     INFO: Analyzing m191019_0030.fits
2019-10-18 21:10:18     INFO:   solve-field -O -p -z 2 -t 2
2019-10-18 21:10:52     INFO:   Solved 34 s: 365.4 arcsec, 7.03 deg at drive = -127.16 deg
2019-10-18 21:10:52     INFO: Analyzing m191019_0031.fits
2019-10-18 21:10:52     INFO:   solve-field -O -p -z 2 -t 2
2019-10-18 21:11:12     INFO:   Solved 20 s: 365.4 arcsec, 7.13 deg at drive = -171.69 deg
2019-10-18 21:11:13     INFO: Analyzing m191019_0032.fits
2019-10-18 21:11:13     INFO:   solve-field -O -p -z 2 -t 2
2019-10-18 21:13:19     INFO:   Solved 126 s: 365.7 arcsec, 7.33 deg at drive = -216.30 deg
2019-10-18 21:13:19     INFO: Analyzing m191019_0033.fits
2019-10-18 21:13:19     INFO:   solve-field -O -p -z 2 -t 2
2019-10-18 21:13:47     INFO:   Solved 28 s: 365.7 arcsec, 7.48 deg at drive = -260.83 deg
2019-10-18 21:13:47     INFO: Analyzing m191019_0034.fits
2019-10-18 21:13:47     INFO:   solve-field -O -p -z 2 -t 2
2019-10-18 21:14:14     INFO:   Solved 27 s: 364.6 arcsec, 7.53 deg at drive = -305.33 deg
2019-10-18 21:14:14     INFO: Analyzing m191019_0035.fits
2019-10-18 21:14:14     INFO:   solve-field -O -p -z 2 -t 2
2019-10-18 21:14:36     INFO:   Solved 23 s: 364.7 arcsec, 7.39 deg at drive = -349.79 deg
2019-10-18 21:14:36     INFO: Analyzing m191019_0036.fits
2019-10-18 21:14:37     INFO:   solve-field -O -p -z 2 -t 2
2019-10-18 21:14:53     INFO:   Solved 17 s: 364.9 arcsec, 7.50 deg at drive = -303.84 deg
2019-10-18 21:14:53     INFO: Analyzing m191019_0037.fits
2019-10-18 21:14:53     INFO:   solve-field -O -p -z 2 -t 2
2019-10-18 21:17:12     INFO:   Solved 139 s: 365.0 arcsec, 7.45 deg at drive = -258.35 deg
2019-10-18 21:17:12     INFO: Analyzing m191019_0038.fits
2019-10-18 21:17:12     INFO:   solve-field -O -p -z 2 -t 2
2019-10-18 21:17:36     INFO:   Solved 24 s: 365.7 arcsec, 7.32 deg at drive = -212.84 deg
2019-10-18 21:17:36     INFO: Analyzing m191019_0039.fits
2019-10-18 21:17:37     INFO:   solve-field -O -p -z 2 -t 2
2019-10-18 21:17:58     INFO:   Solved 22 s: 365.5 arcsec, 7.11 deg at drive = -167.27 deg
2019-10-18 21:18:09     INFO: Analyzing m191019_0040.fits
2019-10-18 21:18:09     INFO:   solve-field -O -p -z 2 -t 2
2019-10-18 21:18:29     INFO:   Solved 20 s: 365.2 arcsec, 7.06 deg at drive = -121.62 deg
2019-10-18 21:18:29     INFO: Analyzing m191019_0041.fits
2019-10-18 21:18:29     INFO:   solve-field -O -p -z 2 -t 2
2019-10-18 21:21:24     INFO:   Solved 176 s: 364.9 arcsec, 7.02 deg at drive = -76.14 deg
2019-10-18 21:21:24     INFO: Analyzing m191019_0042.fits
2019-10-18 21:21:24     INFO:   solve-field -O -p -z 2 -t 2
2019-10-18 21:23:36     INFO:   Solved 132 s: 364.8 arcsec, 7.29 deg at drive = -30.74 deg
2019-10-18 21:23:36     INFO: Analyzing m191019_0043.fits
2019-10-18 21:23:36     INFO:   solve-field -O -p -z 2 -t 2
2019-10-18 21:23:57     INFO:   Solved 21 s: 364.3 arcsec, 7.33 deg at drive = 14.64 deg
2019-10-18 21:23:58     INFO: Analyzing m191019_0044.fits
2019-10-18 21:23:58     INFO:   solve-field -O -p -z 2 -t 2
2019-10-18 21:24:18     INFO:   Solved 20 s: 364.8 arcsec, 7.49 deg at drive = 60.12 deg
2019-10-18 21:24:18     INFO: Analyzing m191019_0045.fits
2019-10-18 21:24:18     INFO:   solve-field -O -p -z 2 -t 2
2019-10-18 21:26:20     INFO:   Solved 122 s: 365.0 arcsec, 7.25 deg at drive = -405.37 deg
2019-10-18 21:26:20     INFO: Analyzing m191019_0046.fits
2019-10-18 21:26:20     INFO:   solve-field -O -p -z 2 -t 2
2019-10-18 21:28:22     INFO:   Solved 121 s: 364.7 arcsec, 7.33 deg at drive = -359.88 deg
2019-10-18 21:28:22     INFO: Analyzing m191019_0047.fits
2019-10-18 21:28:22     INFO:   solve-field -O -p -z 2 -t 2
2019-10-18 21:30:25     INFO:   Solved 123 s: 364.6 arcsec, 7.52 deg at drive = -314.45 deg
2019-10-18 21:30:25     INFO: Analyzing m191019_0048.fits
2019-10-18 21:30:25     INFO:   solve-field -O -p -z 2 -t 2
2019-10-18 21:32:27     INFO:   Solved 122 s: 365.2 arcsec, 7.45 deg at drive = -268.98 deg
2019-10-18 21:32:27     INFO: Analyzing m191019_0049.fits
2019-10-18 21:32:27     INFO:   solve-field -O -p -z 2 -t 2
2019-10-18 21:32:46     INFO:   Solved 19 s: 365.1 arcsec, 7.37 deg at drive = -223.46 deg
2019-10-18 21:35:36     INFO: Analyzing m191019_0050.fits
2019-10-18 21:35:36     INFO:   solve-field -O -p -z 2 -t 2
2019-10-18 21:37:58     INFO:   Solved 141 s: 365.4 arcsec, 7.14 deg at drive = -177.89 deg
2019-10-18 21:37:58     INFO: Analyzing m191019_0051.fits
2019-10-18 21:37:58     INFO:   solve-field -O -p -z 2 -t 2
2019-10-18 21:40:04     INFO:   Solved 126 s: 365.2 arcsec, 7.06 deg at drive = -132.28 deg
2019-10-18 21:40:04     INFO: Analyzing m191019_0052.fits
2019-10-18 21:40:04     INFO:   solve-field -O -p -z 2 -t 2
2019-10-18 21:40:27     INFO:   Solved 23 s: 365.0 arcsec, 7.07 deg at drive = -86.76 deg
2019-10-18 21:40:27     INFO: Analyzing m191019_0053.fits
2019-10-18 21:40:27     INFO:   solve-field -O -p -z 2 -t 2
2019-10-18 21:42:33     INFO:   Solved 126 s: 364.9 arcsec, 7.21 deg at drive = -41.34 deg
2019-10-18 21:42:33     INFO: Analyzing m191019_0054.fits
2019-10-18 21:42:33     INFO:   solve-field -O -p -z 2 -t 2
2019-10-18 21:42:57     INFO:   Solved 24 s: 365.1 arcsec, 7.37 deg at drive = 4.07 deg
2019-10-18 21:42:57     INFO: Analyzing m191019_0055.fits
2019-10-18 21:42:57     INFO:   solve-field -O -p -z 2 -t 2
2019-10-18 21:44:39     INFO:   Solved 102 s: 364.6 arcsec, 7.49 deg at drive = 49.46 deg
2019-10-18 21:44:39     INFO: Analyzing m191019_0056.fits
2019-10-18 21:44:39     INFO:   solve-field -O -p -z 2 -t 2
2019-10-18 21:46:33     INFO:   Solved 114 s: 364.9 arcsec, 7.31 deg at drive = 5.13 deg
2019-10-18 21:46:33     INFO: Analyzing m191019_0057.fits
2019-10-18 21:46:33     INFO:   solve-field -O -p -z 2 -t 2
2019-10-18 21:48:10     INFO:   Solved 96 s: 364.5 arcsec, 7.10 deg at drive = -39.28 deg
2019-10-18 21:48:10     INFO: Analyzing m191019_0058.fits
2019-10-18 21:48:10     INFO:   solve-field -O -p -z 2 -t 2
2019-10-18 21:50:07     INFO:   Solved 117 s: 365.2 arcsec, 7.11 deg at drive = -83.73 deg
2019-10-18 21:50:07     INFO: Analyzing m191019_0059.fits
2019-10-18 21:50:07     INFO:   solve-field -O -p -z 2 -t 2
2019-10-18 21:52:00     INFO:   Solved 113 s: 365.2 arcsec, 7.06 deg at drive = -128.21 deg
2019-10-18 21:52:41     INFO: Analyzing m191019_0060.fits
2019-10-18 21:52:41     INFO:   solve-field -O -p -z 2 -t 2
2019-10-18 21:55:05     INFO:   Solved 145 s: 365.3 arcsec, 7.21 deg at drive = -172.76 deg
2019-10-18 21:55:05     INFO: Analyzing m191019_0061.fits
2019-10-18 21:55:05     INFO:   solve-field -O -p -z 2 -t 2
2019-10-18 21:57:19     INFO:   Solved 133 s: 365.3 arcsec, 7.34 deg at drive = -217.37 deg
2019-10-18 21:57:19     INFO: Analyzing m191019_0062.fits
2019-10-18 21:57:19     INFO:   solve-field -O -p -z 2 -t 2
2019-10-18 21:59:19     INFO:   Solved 120 s: 365.2 arcsec, 7.48 deg at drive = -261.96 deg
2019-10-18 21:59:19     INFO: Analyzing m191019_0063.fits
2019-10-18 21:59:19     INFO:   solve-field -O -p -z 2 -t 2
2019-10-18 22:01:10     INFO:   Solved 111 s: 364.4 arcsec, 7.55 deg at drive = -306.47 deg
2019-10-18 22:01:10     INFO: Analyzing m191019_0064.fits
2019-10-18 22:01:10     INFO:   solve-field -O -p -z 2 -t 2
2019-10-18 22:01:31     INFO:   Solved 21 s: 364.9 arcsec, 7.39 deg at drive = -350.78 deg
2019-10-18 22:01:31     INFO: Analyzing m191019_0065.fits
2019-10-18 22:01:31     INFO:   solve-field -O -p -z 2 -t 2
2019-10-18 22:03:22     INFO:   Solved 111 s: 364.8 arcsec, 7.17 deg at drive = -395.15 deg
2019-10-18 22:03:22     INFO: Analyzing m191019_0066.fits
2019-10-18 22:03:22     INFO:   solve-field -O -p -z 2 -t 2
2019-10-18 22:06:01     INFO:   Solved 159 s: 365.0 arcsec, 7.34 deg at drive = -349.68 deg
2019-10-18 22:06:01     INFO: Analyzing m191019_0067.fits
2019-10-18 22:06:01     INFO:   solve-field -O -p -z 2 -t 2
2019-10-18 22:07:54     INFO:   Solved 112 s: 364.4 arcsec, 7.55 deg at drive = -304.11 deg
2019-10-18 22:07:54     INFO: Analyzing m191019_0068.fits
2019-10-18 22:07:54     INFO:   solve-field -O -p -z 2 -t 2
2019-10-18 22:09:43     INFO:   Solved 109 s: 365.1 arcsec, 7.46 deg at drive = -258.60 deg
2019-10-18 22:09:43     INFO: Analyzing m191019_0069.fits
2019-10-18 22:09:43     INFO:   solve-field -O -p -z 2 -t 2
2019-10-18 22:11:28     INFO:   Solved 104 s: 365.3 arcsec, 7.39 deg at drive = -213.02 deg
2019-10-18 22:17:44     INFO: Analyzing m191019_0070.fits
2019-10-18 22:17:44     INFO:   solve-field -O -p -z 2 -t 2
2019-10-18 22:18:19     INFO:   Solved 36 s: 365.4 arcsec, 7.18 deg at drive = -167.35 deg
2019-10-18 22:18:19     INFO: Analyzing m191019_0071.fits
2019-10-18 22:18:19     INFO:   solve-field -O -p -z 2 -t 2
2019-10-18 22:19:56     INFO:   Solved 97 s: 365.4 arcsec, 7.06 deg at drive = -121.77 deg
2019-10-18 22:19:56     INFO: Analyzing m191019_0072.fits
2019-10-18 22:19:56     INFO:   solve-field -O -p -z 2 -t 2
2019-10-18 22:22:23     INFO:   Solved 147 s: 365.0 arcsec, 7.07 deg at drive = -76.24 deg
2019-10-18 22:22:23     INFO: Analyzing m191019_0073.fits
2019-10-18 22:22:23     INFO:   solve-field -O -p -z 2 -t 2
2019-10-18 22:24:32     INFO:   Solved 129 s: 364.5 arcsec, 7.21 deg at drive = -30.82 deg
2019-10-18 22:24:32     INFO: Analyzing m191019_0074.fits
2019-10-18 22:24:32     INFO:   solve-field -O -p -z 2 -t 2
2019-10-18 22:26:21     INFO:   Solved 108 s: 364.9 arcsec, 7.40 deg at drive = 14.68 deg
2019-10-18 22:26:21     INFO: Analyzing m191019_0075.fits
2019-10-18 22:26:21     INFO:   solve-field -O -p -z 2 -t 2
2019-10-18 22:28:17     INFO:   Solved 116 s: 364.5 arcsec, 7.53 deg at drive = 60.19 deg
2019-10-18 22:28:17     INFO: Analyzing m191019_0076.fits
2019-10-18 22:28:17     INFO:   solve-field -O -p -z 2 -t 2
2019-10-18 22:28:36     INFO:   Solved 19 s: 365.1 arcsec, 7.51 deg at drive = 45.67 deg
2019-10-18 22:28:36     INFO: Analyzing m191019_0077.fits
2019-10-18 22:28:36     INFO:   solve-field -O -p -z 2 -t 2
2019-10-18 22:30:31     INFO:   Solved 116 s: 365.2 arcsec, 7.53 deg at drive = 1.12 deg
2019-10-18 22:30:31     INFO: Analyzing m191019_0078.fits
2019-10-18 22:30:31     INFO:   solve-field -O -p -z 2 -t 2
2019-10-18 22:32:36     INFO:   Solved 124 s: 365.0 arcsec, 7.42 deg at drive = -43.46 deg
2019-10-18 22:32:36     INFO: Analyzing m191019_0079.fits
2019-10-18 22:32:36     INFO:   solve-field -O -p -z 2 -t 2
2019-10-18 22:33:00     INFO:   Solved 24 s: 364.8 arcsec, 7.20 deg at drive = -88.07 deg
2019-10-18 22:33:25     INFO: Analyzing m191019_0080.fits
2019-10-18 22:33:25     INFO:   solve-field -O -p -z 2 -t 2
2019-10-18 22:33:46     INFO:   Solved 21 s: 365.0 arcsec, 7.01 deg at drive = -132.69 deg
2019-10-18 22:33:46     INFO: Analyzing m191019_0081.fits
2019-10-18 22:33:46     INFO:   solve-field -O -p -z 2 -t 2
2019-10-18 22:35:14     INFO:   Solved 88 s: 365.0 arcsec, 7.00 deg at drive = -177.38 deg
2019-10-18 22:35:14     INFO: Analyzing m191019_0082.fits
2019-10-18 22:35:14     INFO:   solve-field -O -p -z 2 -t 2
2019-10-18 22:35:33     INFO:   Solved 19 s: 365.9 arcsec, 7.13 deg at drive = -222.07 deg
2019-10-18 22:35:33     INFO: Analyzing m191019_0083.fits
2019-10-18 22:35:33     INFO:   solve-field -O -p -z 2 -t 2
2019-10-18 22:35:57     INFO:   Solved 24 s: 365.2 arcsec, 7.42 deg at drive = -266.73 deg
2019-10-18 22:35:57     INFO: Analyzing m191019_0084.fits
2019-10-18 22:35:57     INFO:   solve-field -O -p -z 2 -t 2
2019-10-18 22:36:18     INFO:   Solved 21 s: 365.3 arcsec, 7.50 deg at drive = -311.34 deg
2019-10-18 22:36:18     INFO: Analyzing m191019_0085.fits
2019-10-18 22:36:18     INFO:   solve-field -O -p -z 2 -t 2
2019-10-18 22:38:34     INFO:   Solved 136 s: 365.0 arcsec, 7.55 deg at drive = -355.94 deg
2019-10-18 22:38:34     INFO: Analyzing m191019_0086.fits
2019-10-18 22:38:34     INFO:   solve-field -O -p -z 2 -t 2
2019-10-18 22:40:36     INFO:   Solved 122 s: 364.7 arcsec, 7.40 deg at drive = -400.50 deg
2019-10-18 22:40:36     INFO: Analyzing m191019_0087.fits
2019-10-18 22:40:36     INFO:   solve-field -O -p -z 2 -t 2
2019-10-18 22:42:37     INFO:   Solved 121 s: 364.9 arcsec, 7.55 deg at drive = -354.90 deg
2019-10-18 22:42:37     INFO: Analyzing m191019_0088.fits
2019-10-18 22:42:37     INFO:   solve-field -O -p -z 2 -t 2
2019-10-18 22:42:56     INFO:   Solved 19 s: 365.2 arcsec, 7.49 deg at drive = -309.57 deg
2019-10-18 22:42:56     INFO: Analyzing m191019_0089.fits
2019-10-18 22:42:56     INFO:   solve-field -O -p -z 2 -t 2
2019-10-18 22:43:19     INFO:   Solved 23 s: 365.1 arcsec, 7.39 deg at drive = -264.09 deg
2019-10-18 22:44:58     INFO: Analyzing m191019_0090.fits
2019-10-18 22:44:58     INFO:   solve-field -O -p -z 2 -t 2
2019-10-18 22:45:16     INFO:   Solved 19 s: 365.9 arcsec, 7.12 deg at drive = -218.65 deg
2019-10-18 22:45:16     INFO: Analyzing m191019_0091.fits
2019-10-18 22:45:17     INFO:   solve-field -O -p -z 2 -t 2
2019-10-18 22:46:43     INFO:   Solved 87 s: 365.2 arcsec, 6.99 deg at drive = -173.20 deg
2019-10-18 22:46:43     INFO: Analyzing m191019_0092.fits
2019-10-18 22:46:43     INFO:   solve-field -O -p -z 2 -t 2
2019-10-18 22:47:04     INFO:   Solved 21 s: 364.8 arcsec, 7.02 deg at drive = -127.78 deg
2019-10-18 22:47:04     INFO: Analyzing m191019_0093.fits
2019-10-18 22:47:04     INFO:   solve-field -O -p -z 2 -t 2
2019-10-18 22:47:22     INFO:   Solved 18 s: 364.6 arcsec, 7.19 deg at drive = -82.37 deg
2019-10-18 22:47:22     INFO: Analyzing m191019_0094.fits
2019-10-18 22:47:22     INFO:   solve-field -O -p -z 2 -t 2
2019-10-18 22:49:24     INFO:   Solved 122 s: 365.0 arcsec, 7.40 deg at drive = -37.02 deg
2019-10-18 22:49:24     INFO: Analyzing m191019_0095.fits
2019-10-18 22:49:24     INFO:   solve-field -O -p -z 2 -t 2
2019-10-18 22:51:19     INFO:   Solved 115 s: 365.3 arcsec, 7.53 deg at drive = 8.36 deg
2019-10-18 22:51:19     INFO: Analyzing m191019_0096.fits
2019-10-18 22:51:19     INFO:   solve-field -O -p -z 2 -t 2
2019-10-18 22:51:43     INFO:   Solved 23 s: 365.0 arcsec, 7.50 deg at drive = 53.74 deg
2019-10-18 22:51:43     INFO: Analyzing m191019_0097.fits
2019-10-18 22:51:43     INFO:   solve-field -O -p -z 2 -t 2
2019-10-18 22:53:22     INFO:   Solved 99 s: 365.3 arcsec, 7.52 deg at drive = 9.32 deg
2019-10-18 22:53:22     INFO: Analyzing m191019_0098.fits
2019-10-18 22:53:22     INFO:   solve-field -O -p -z 2 -t 2
2019-10-18 22:55:21     INFO:   Solved 119 s: 364.7 arcsec, 7.40 deg at drive = -35.22 deg
2019-10-18 22:55:21     INFO: Analyzing m191019_0099.fits
2019-10-18 22:55:21     INFO:   solve-field -O -p -z 2 -t 2
2019-10-18 22:55:43     INFO:   Solved 21 s: 364.9 arcsec, 7.26 deg at drive = -79.74 deg
2019-10-18 22:58:56     INFO: Analyzing m191019_0100.fits
2019-10-18 22:58:56     INFO:   solve-field -O -p -z 2 -t 2
2019-10-18 22:59:15     INFO:   Solved 19 s: 364.7 arcsec, 7.04 deg at drive = -124.35 deg
2019-10-18 22:59:15     INFO: Analyzing m191019_0101.fits
2019-10-18 22:59:15     INFO:   solve-field -O -p -z 2 -t 2
2019-10-18 23:00:58     INFO:   Solved 103 s: 365.0 arcsec, 6.99 deg at drive = -168.97 deg
2019-10-18 23:00:58     INFO: Analyzing m191019_0102.fits
2019-10-18 23:00:58     INFO:   solve-field -O -p -z 2 -t 2
2019-10-18 23:02:46     INFO:   Solved 107 s: 365.8 arcsec, 7.04 deg at drive = -213.63 deg
2019-10-18 23:02:46     INFO: Analyzing m191019_0103.fits
2019-10-18 23:02:46     INFO:   solve-field -O -p -z 2 -t 2
2019-10-18 23:03:07     INFO:   Solved 21 s: 365.2 arcsec, 7.35 deg at drive = -258.28 deg
2019-10-18 23:03:07     INFO: Analyzing m191019_0104.fits
2019-10-18 23:03:07     INFO:   solve-field -O -p -z 2 -t 2
2019-10-18 23:03:24     INFO:   Solved 17 s: 364.9 arcsec, 7.55 deg at drive = -302.86 deg
2019-10-18 23:03:24     INFO: Analyzing m191019_0105.fits
2019-10-18 23:03:24     INFO:   solve-field -O -p -z 2 -t 2
2019-10-18 23:05:22     INFO:   Solved 118 s: 364.9 arcsec, 7.56 deg at drive = -347.44 deg
2019-10-18 23:05:22     INFO: Analyzing m191019_0106.fits
2019-10-18 23:05:23     INFO:   solve-field -O -p -z 2 -t 2
2019-10-18 23:07:26     INFO:   Solved 123 s: 364.9 arcsec, 7.38 deg at drive = -391.99 deg
2019-10-18 23:07:26     INFO: Analyzing m191019_0107.fits
2019-10-18 23:07:26     INFO:   solve-field -O -p -z 2 -t 2
2019-10-18 23:15:56     INFO: Analyzing m191019_0108.fits
2019-10-18 23:15:56     INFO:   solve-field -O -p -z 2 -t 2
2019-10-18 23:16:24     INFO:   Solved 28 s: 364.8 arcsec, 7.23 deg at drive = -403.65 deg
2019-10-18 23:16:24     INFO: Analyzing m191019_0109.fits
2019-10-18 23:16:24     INFO:   solve-field -O -p -z 2 -t 2
2019-10-18 23:16:57     INFO:   Solved 32 s: 364.9 arcsec, 7.23 deg at drive = -403.03 deg
2019-10-18 23:18:40     INFO: Analyzing m191019_0110.fits
2019-10-18 23:18:40     INFO:   solve-field -O -p -z 2 -t 2
2019-10-18 23:19:05     INFO:   Solved 25 s: 364.9 arcsec, 7.36 deg at drive = -357.37 deg
2019-10-18 23:19:05     INFO: Analyzing m191019_0111.fits
2019-10-18 23:19:06     INFO:   solve-field -O -p -z 2 -t 2
2019-10-18 23:19:28     INFO:   Solved 22 s: 364.8 arcsec, 7.38 deg at drive = -311.72 deg
2019-10-18 23:19:28     INFO: Analyzing m191019_0112.fits
2019-10-18 23:19:28     INFO:   solve-field -O -p -z 2 -t 2
2019-10-18 23:19:52     INFO:   Solved 24 s: 365.0 arcsec, 7.38 deg at drive = -265.83 deg
2019-10-18 23:19:52     INFO: Analyzing m191019_0113.fits
2019-10-18 23:19:52     INFO:   solve-field -O -p -z 2 -t 2
2019-10-18 23:20:14     INFO:   Solved 22 s: 365.1 arcsec, 7.37 deg at drive = -219.96 deg
2019-10-18 23:20:15     INFO: Analyzing m191019_0114.fits
2019-10-18 23:20:15     INFO:   solve-field -O -p -z 2 -t 2
2019-10-18 23:20:35     INFO:   Solved 20 s: 365.4 arcsec, 7.21 deg at drive = -174.07 deg
2019-10-18 23:20:35     INFO: Analyzing m191019_0115.fits
2019-10-18 23:20:35     INFO:   solve-field -O -p -z 2 -t 2
2019-10-18 23:22:17     INFO:   Solved 102 s: 365.1 arcsec, 7.15 deg at drive = -128.19 deg
2019-10-18 23:22:17     INFO: Analyzing m191019_0116.fits
2019-10-18 23:22:18     INFO:   solve-field -O -p -z 2 -t 2
2019-10-18 23:22:39     INFO:   Solved 21 s: 365.0 arcsec, 7.15 deg at drive = -82.37 deg
2019-10-18 23:22:39     INFO: Analyzing m191019_0117.fits
2019-10-18 23:22:39     INFO:   solve-field -O -p -z 2 -t 2
2019-10-18 23:23:00     INFO:   Solved 21 s: 364.8 arcsec, 7.23 deg at drive = -36.73 deg
2019-10-18 23:23:00     INFO: Analyzing m191019_0118.fits
2019-10-18 23:23:00     INFO:   solve-field -O -p -z 2 -t 2
2019-10-18 23:23:21     INFO:   Solved 21 s: 364.9 arcsec, 7.36 deg at drive = 8.81 deg
2019-10-18 23:23:21     INFO: Analyzing m191019_0119.fits
2019-10-18 23:23:21     INFO:   solve-field -O -p -z 2 -t 2
2019-10-18 23:23:40     INFO:   Solved 19 s: 364.9 arcsec, 7.38 deg at drive = 54.44 deg
2019-10-18 23:44:46     INFO: Analyzing m191019_0120.fits
2019-10-18 23:44:46     INFO:   solve-field -O -p -z 2 -t 2
2019-10-18 23:45:14     INFO:   Solved 28 s: 364.9 arcsec, 7.37 deg at drive = 10.66 deg
2019-10-18 23:45:14     INFO: Analyzing m191019_0121.fits
2019-10-18 23:45:14     INFO:   solve-field -O -p -z 2 -t 2
2019-10-18 23:45:39     INFO:   Solved 25 s: 364.8 arcsec, 7.24 deg at drive = -33.45 deg
2019-10-18 23:45:39     INFO: Analyzing m191019_0122.fits
2019-10-18 23:45:39     INFO:   solve-field -O -p -z 2 -t 2
2019-10-18 23:48:07     INFO:   Solved 147 s: 364.9 arcsec, 7.17 deg at drive = -77.59 deg
2019-10-18 23:48:07     INFO: Analyzing m191019_0123.fits
2019-10-18 23:48:07     INFO:   solve-field -O -p -z 2 -t 2
2019-10-18 23:50:03     INFO:   Solved 116 s: 365.1 arcsec, 7.14 deg at drive = -121.88 deg
2019-10-18 23:50:03     INFO: Analyzing m191019_0124.fits
2019-10-18 23:50:03     INFO:   solve-field -O -p -z 2 -t 2
2019-10-18 23:51:55     INFO:   Solved 112 s: 365.3 arcsec, 7.22 deg at drive = -166.25 deg
2019-10-18 23:51:55     INFO: Analyzing m191019_0125.fits
2019-10-18 23:51:55     INFO:   solve-field -O -p -z 2 -t 2
2019-10-18 23:52:13     INFO:   Solved 19 s: 365.1 arcsec, 7.47 deg at drive = -210.49 deg
2019-10-18 23:52:14     INFO: Analyzing m191019_0126.fits
2019-10-18 23:52:14     INFO:   solve-field -O -p -z 2 -t 2
2019-10-18 23:52:33     INFO:   Solved 20 s: 365.2 arcsec, 7.42 deg at drive = -254.88 deg
2019-10-18 23:52:33     INFO: Analyzing m191019_0127.fits
2019-10-18 23:52:33     INFO:   solve-field -O -p -z 2 -t 2
2019-10-18 23:52:52     INFO:   Solved 18 s: 364.9 arcsec, 7.40 deg at drive = -299.13 deg
2019-10-18 23:52:52     INFO: Analyzing m191019_0128.fits
2019-10-18 23:52:52     INFO:   solve-field -O -p -z 2 -t 2
2019-10-18 23:53:11     INFO:   Solved 19 s: 365.0 arcsec, 7.36 deg at drive = -343.34 deg
2019-10-18 23:53:11     INFO: Analyzing m191019_0129.fits
2019-10-18 23:53:11     INFO:   solve-field -O -p -z 2 -t 2
2019-10-18 23:53:30     INFO:   Solved 19 s: 364.8 arcsec, 7.26 deg at drive = -387.43 deg
2019-10-18 23:54:07     INFO: Analyzing m191019_0130.fits
2019-10-18 23:54:07     INFO:   solve-field -O -p -z 2 -t 2
2019-10-18 23:54:32     INFO:   Solved 25 s: 365.3 arcsec, 7.22 deg at drive = -404.07 deg
2019-10-18 23:54:32     INFO: Analyzing m191019_0131.fits
2019-10-18 23:54:32     INFO:   solve-field -O -p -z 2 -t 2
2019-10-18 23:55:08     INFO:   Solved 36 s: 365.2 arcsec, 7.31 deg at drive = -358.06 deg
2019-10-18 23:55:08     INFO: Analyzing m191019_0132.fits
2019-10-18 23:55:08     INFO:   solve-field -O -p -z 2 -t 2
2019-10-18 23:55:37     INFO:   Solved 29 s: 365.0 arcsec, 7.31 deg at drive = -311.33 deg
2019-10-18 23:55:37     INFO: Analyzing m191019_0133.fits
2019-10-18 23:55:37     INFO:   solve-field -O -p -z 2 -t 2
2019-10-18 23:55:56     INFO:   Solved 20 s: 364.8 arcsec, 7.35 deg at drive = -265.15 deg
2019-10-18 23:55:56     INFO: Analyzing m191019_0134.fits
2019-10-18 23:55:56     INFO:   solve-field -O -p -z 2 -t 2
2019-10-18 23:56:22     INFO:   Solved 25 s: 364.9 arcsec, 7.29 deg at drive = -218.40 deg
2019-10-18 23:56:22     INFO: Analyzing m191019_0135.fits
2019-10-18 23:56:22     INFO:   solve-field -O -p -z 2 -t 2
2019-10-18 23:56:40     INFO:   Solved 18 s: 364.8 arcsec, 7.31 deg at drive = -171.70 deg
2019-10-18 23:56:40     INFO: Analyzing m191019_0136.fits
2019-10-18 23:56:40     INFO:   solve-field -O -p -z 2 -t 2
2019-10-18 23:57:03     INFO:   Solved 23 s: 364.9 arcsec, 7.18 deg at drive = -125.04 deg
2019-10-18 23:57:03     INFO: Analyzing m191019_0137.fits
2019-10-18 23:57:03     INFO:   solve-field -O -p -z 2 -t 2
2019-10-18 23:57:28     INFO:   Solved 25 s: 365.3 arcsec, 7.22 deg at drive = -78.28 deg
2019-10-18 23:57:28     INFO: Analyzing m191019_0138.fits
2019-10-18 23:57:29     INFO:   solve-field -O -p -z 2 -t 2
2019-10-18 23:59:17     INFO:   Solved 108 s: 365.1 arcsec, 7.18 deg at drive = -31.97 deg
2019-10-18 23:59:17     INFO: Analyzing m191019_0139.fits
2019-10-18 23:59:17     INFO:   solve-field -O -p -z 2 -t 2
2019-10-18 23:59:37     INFO:   Solved 20 s: 365.2 arcsec, 7.34 deg at drive = 15.82 deg
2019-10-19 00:01:42     INFO: Analyzing m191019_0140.fits
2019-10-19 00:01:42     INFO:   solve-field -O -p -z 2 -t 2
2019-10-19 00:02:02     INFO:   Solved 20 s: 365.0 arcsec, 7.31 deg at drive = 62.25 deg
2019-10-19 00:02:02     INFO: Analyzing m191019_0141.fits
2019-10-19 00:02:02     INFO:   solve-field -O -p -z 2 -t 2
2019-10-19 00:02:22     INFO:   Solved 20 s: 365.3 arcsec, 7.35 deg at drive = 19.85 deg
2019-10-19 00:02:22     INFO: Analyzing m191019_0142.fits
2019-10-19 00:02:22     INFO:   solve-field -O -p -z 2 -t 2
2019-10-19 00:02:42     INFO:   Solved 21 s: 365.3 arcsec, 7.21 deg at drive = -23.19 deg
2019-10-19 00:02:42     INFO: Analyzing m191019_0143.fits
2019-10-19 00:02:42     INFO:   solve-field -O -p -z 2 -t 2
2019-10-19 00:03:01     INFO:   Solved 18 s: 365.1 arcsec, 7.20 deg at drive = -66.30 deg
2019-10-19 00:03:01     INFO: Analyzing m191019_0144.fits
2019-10-19 00:03:01     INFO:   solve-field -O -p -z 2 -t 2
2019-10-19 00:04:38     INFO:   Solved 98 s: 364.8 arcsec, 7.18 deg at drive = -109.31 deg
2019-10-19 00:04:38     INFO: Analyzing m191019_0145.fits
2019-10-19 00:04:38     INFO:   solve-field -O -p -z 2 -t 2
2019-10-19 00:08:55     INFO:   Solved 256 s: 364.8 arcsec, 7.30 deg at drive = -152.92 deg
2019-10-19 00:08:55     INFO: Analyzing m191019_0146.fits
2019-10-19 00:08:55     INFO:   solve-field -O -p -z 2 -t 2
2019-10-19 00:09:10     INFO:   Solved 15 s: 364.9 arcsec, 7.30 deg at drive = -149.96 deg
2019-10-19 00:09:10     INFO: Analyzing m191019_0147.fits
2019-10-19 00:09:10     INFO:   solve-field -O -p -z 2 -t 2
2019-10-19 00:09:26     INFO:   Solved 16 s: 364.9 arcsec, 7.30 deg at drive = -148.86 deg
2019-10-19 00:09:26     INFO: Analyzing m191019_0148.fits
2019-10-19 00:09:26     INFO:   solve-field -O -p -z 2 -t 2
2019-10-19 00:09:46     INFO:   Solved 20 s: 364.9 arcsec, 7.23 deg at drive = -192.06 deg
2019-10-19 00:09:46     INFO: Analyzing m191019_0149.fits
2019-10-19 00:09:46     INFO:   solve-field -O -p -z 2 -t 2
2019-10-19 00:09:57     INFO:   Solved 11 s: 364.8 arcsec, 7.23 deg at drive = -191.23 deg
2019-10-19 00:16:43     INFO: Analyzing m191019_0150.fits
2019-10-19 00:16:43     INFO:   solve-field -O -p -z 2 -t 2
2019-10-19 00:18:24     INFO:   Solved 100 s: 364.9 arcsec, 7.33 deg at drive = -234.22 deg
2019-10-19 00:18:24     INFO: Analyzing m191019_0151.fits
2019-10-19 00:18:24     INFO:   solve-field -O -p -z 2 -t 2
2019-10-19 00:18:40     INFO:   Solved 16 s: 364.9 arcsec, 7.32 deg at drive = -277.63 deg
2019-10-19 00:18:40     INFO: Analyzing m191019_0152.fits
2019-10-19 00:18:40     INFO:   solve-field -O -p -z 2 -t 2
2019-10-19 00:18:56     INFO:   Solved 16 s: 365.5 arcsec, 7.36 deg at drive = -320.43 deg
2019-10-19 00:18:56     INFO: Analyzing m191019_0153.fits
2019-10-19 00:18:56     INFO:   solve-field -O -p -z 2 -t 2
2019-10-19 00:19:09     INFO:   Solved 13 s: 365.4 arcsec, 7.36 deg at drive = -318.69 deg
2019-10-19 00:19:09     INFO: Analyzing m191019_0154.fits
2019-10-19 00:19:09     INFO:   solve-field -O -p -z 2 -t 2
2019-10-19 00:19:28     INFO:   Solved 20 s: 365.3 arcsec, 7.20 deg at drive = -361.48 deg
2019-10-19 00:24:18     INFO: Analyzing m191019_0155.fits
2019-10-19 00:24:18     INFO:   solve-field -O -p -z 2 -t 2
2019-10-19 00:29:55     INFO: Analyzing m191019_0156.fits
2019-10-19 00:29:55     INFO:   solve-field -O -p -z 2 -t 2
2019-10-19 00:36:35     INFO: Analyzing m191019_0157.fits
2019-10-19 00:36:35     INFO:   solve-field -O -p -z 2 -t 2
2019-10-19 00:36:53     INFO:   Solved 18 s: 365.1 arcsec, 7.22 deg at drive = -401.85 deg
2019-10-19 00:36:53     INFO: Analyzing m191019_0158.fits
2019-10-19 00:36:53     INFO:   solve-field -O -p -z 2 -t 2
2019-10-19 00:37:13     INFO:   Solved 20 s: 365.2 arcsec, 7.19 deg at drive = -355.28 deg
2019-10-19 00:37:13     INFO: Analyzing m191019_0159.fits
2019-10-19 00:37:13     INFO:   solve-field -O -p -z 2 -t 2
2019-10-19 00:37:28     INFO:   Solved 15 s: 365.4 arcsec, 7.35 deg at drive = -308.83 deg
2019-10-19 00:38:36     INFO: Analyzing m191019_0160.fits
2019-10-19 00:38:36     INFO:   solve-field -O -p -z 2 -t 2
2019-10-19 00:38:55     INFO:   Solved 18 s: 365.0 arcsec, 7.30 deg at drive = -262.20 deg
2019-10-19 00:38:55     INFO: Analyzing m191019_0161.fits
2019-10-19 00:38:55     INFO:   solve-field -O -p -z 2 -t 2
2019-10-19 00:39:37     INFO:   Solved 42 s: 364.7 arcsec, 7.35 deg at drive = -215.72 deg
2019-10-19 00:39:37     INFO: Analyzing m191019_0162.fits
2019-10-19 00:39:37     INFO:   solve-field -O -p -z 2 -t 2
2019-10-19 00:40:02     INFO:   Solved 25 s: 364.9 arcsec, 7.27 deg at drive = -169.22 deg
2019-10-19 00:40:02     INFO: Analyzing m191019_0163.fits
2019-10-19 00:40:02     INFO:   solve-field -O -p -z 2 -t 2
2019-10-19 00:41:09     INFO:   Solved 67 s: 364.8 arcsec, 7.29 deg at drive = -122.78 deg
2019-10-19 00:41:09     INFO: Analyzing m191019_0164.fits
2019-10-19 00:41:09     INFO:   solve-field -O -p -z 2 -t 2
2019-10-19 00:41:26     INFO:   Solved 17 s: 364.8 arcsec, 7.18 deg at drive = -76.66 deg
2019-10-19 00:41:26     INFO: Analyzing m191019_0165.fits
2019-10-19 00:41:26     INFO:   solve-field -O -p -z 2 -t 2
2019-10-19 00:43:11     INFO:   Solved 105 s: 365.1 arcsec, 7.21 deg at drive = -30.76 deg
2019-10-19 00:44:33     INFO: Analyzing m191019_0166.fits
2019-10-19 00:44:33     INFO:   solve-field -O -p -z 2 -t 2
2019-10-19 00:44:54     INFO:   Solved 21 s: 365.2 arcsec, 7.22 deg at drive = 15.23 deg
2019-10-19 00:44:54     INFO: Analyzing m191019_0167.fits
2019-10-19 00:44:54     INFO:   solve-field -O -p -z 2 -t 2
2019-10-19 00:45:13     INFO:   Solved 18 s: 365.5 arcsec, 7.38 deg at drive = 61.20 deg
2019-10-19 00:45:13     INFO: Analyzing m191019_0168.fits
2019-10-19 00:45:13     INFO:   solve-field -O -p -z 2 -t 2
2019-10-19 00:47:09     INFO:   Solved 117 s: 364.8 arcsec, 7.51 deg at drive = 46.20 deg
2019-10-19 00:47:09     INFO: Analyzing m191019_0169.fits
2019-10-19 00:47:10     INFO:   solve-field -O -p -z 2 -t 2
2019-10-19 00:47:31     INFO:   Solved 22 s: 364.8 arcsec, 7.48 deg at drive = 1.76 deg
2019-10-19 00:47:54     INFO: Analyzing m191019_0170.fits
2019-10-19 00:47:54     INFO:   solve-field -O -p -z 2 -t 2
2019-10-19 00:48:16     INFO:   Solved 23 s: 365.1 arcsec, 7.36 deg at drive = -42.76 deg
2019-10-19 00:55:44     INFO: Analyzing m191019_0171.fits
2019-10-19 00:55:44     INFO:   solve-field -O -p -z 2 -t 2
2019-10-19 00:56:17     INFO:   Solved 33 s: 364.8 arcsec, 7.11 deg at drive = -87.28 deg
2019-10-19 00:56:17     INFO: Analyzing m191019_0172.fits
2019-10-19 00:56:17     INFO:   solve-field -O -p -z 2 -t 2
2019-10-19 00:58:26     INFO:   Solved 129 s: 365.3 arcsec, 7.00 deg at drive = -131.79 deg
2019-10-19 00:58:26     INFO: Analyzing m191019_0173.fits
2019-10-19 00:58:26     INFO:   solve-field -O -p -z 2 -t 2
2019-10-19 00:58:48     INFO:   Solved 22 s: 365.5 arcsec, 7.04 deg at drive = -176.40 deg
2019-10-19 00:59:34     INFO: Analyzing m191019_0174.fits
2019-10-19 00:59:35     INFO:   solve-field -O -p -z 2 -t 2
2019-10-19 00:59:54     INFO:   Solved 19 s: 366.2 arcsec, 7.23 deg at drive = -221.01 deg
2019-10-19 00:59:54     INFO: Analyzing m191019_0175.fits
2019-10-19 00:59:54     INFO:   solve-field -O -p -z 2 -t 2
2019-10-19 01:00:15     INFO:   Solved 21 s: 365.1 arcsec, 7.42 deg at drive = -265.59 deg
2019-10-19 01:00:15     INFO: Analyzing m191019_0176.fits
2019-10-19 01:00:15     INFO:   solve-field -O -p -z 2 -t 2
2019-10-19 01:00:48     INFO:   Solved 33 s: 364.8 arcsec, 7.52 deg at drive = -310.12 deg
2019-10-19 01:00:48     INFO: Analyzing m191019_0177.fits
2019-10-19 01:00:48     INFO:   solve-field -O -p -z 2 -t 2
2019-10-19 01:01:07     INFO:   Solved 19 s: 364.8 arcsec, 7.44 deg at drive = -354.54 deg
2019-10-19 01:01:54     INFO: Analyzing m191019_0178.fits
2019-10-19 01:01:54     INFO:   solve-field -O -p -z 2 -t 2
2019-10-19 01:02:32     INFO:   Solved 38 s: 364.9 arcsec, 7.35 deg at drive = -399.03 deg
2019-10-19 01:02:32     INFO: Analyzing m191019_0179.fits
2019-10-19 01:02:32     INFO:   solve-field -O -p -z 2 -t 2
2019-10-19 01:03:04     INFO:   Solved 32 s: 364.6 arcsec, 7.49 deg at drive = -353.15 deg
2019-10-19 01:05:19     INFO: Analyzing m191019_0180.fits
2019-10-19 01:05:19     INFO:   solve-field -O -p -z 2 -t 2
2019-10-19 01:05:48     INFO:   Solved 29 s: 364.9 arcsec, 7.51 deg at drive = -307.77 deg
2019-10-19 01:05:48     INFO: Analyzing m191019_0181.fits
2019-10-19 01:05:48     INFO:   solve-field -O -p -z 2 -t 2
2019-10-19 01:06:03     INFO:   Solved 15 s: 365.0 arcsec, 7.40 deg at drive = -262.35 deg
2019-10-19 01:06:03     INFO: Analyzing m191019_0182.fits
2019-10-19 01:06:03     INFO:   solve-field -O -p -z 2 -t 2
2019-10-19 01:06:23     INFO:   Solved 20 s: 366.2 arcsec, 7.20 deg at drive = -216.87 deg
2019-10-19 01:16:55     INFO: Analyzing m191019_0183.fits
2019-10-19 01:16:55     INFO:   solve-field -O -p -z 2 -t 2
2019-10-19 01:17:14     INFO:   Solved 20 s: 365.6 arcsec, 7.02 deg at drive = -171.34 deg
2019-10-19 01:17:14     INFO: Analyzing m191019_0184.fits
2019-10-19 01:17:14     INFO:   solve-field -O -p -z 2 -t 2
2019-10-19 01:17:31     INFO:   Solved 17 s: 365.2 arcsec, 7.00 deg at drive = -125.54 deg
2019-10-19 01:17:31     INFO: Analyzing m191019_0185.fits
2019-10-19 01:17:31     INFO:   solve-field -O -p -z 2 -t 2
2019-10-19 01:17:51     INFO:   Solved 20 s: 364.6 arcsec, 7.11 deg at drive = -80.08 deg
2019-10-19 01:17:51     INFO: Analyzing m191019_0186.fits
2019-10-19 01:17:51     INFO:   solve-field -O -p -z 2 -t 2
2019-10-19 01:18:12     INFO:   Solved 21 s: 365.1 arcsec, 7.38 deg at drive = -34.64 deg
2019-10-19 01:18:12     INFO: Analyzing m191019_0187.fits
2019-10-19 01:18:12     INFO:   solve-field -O -p -z 2 -t 2
2019-10-19 01:18:31     INFO:   Solved 19 s: 364.8 arcsec, 7.54 deg at drive = 10.76 deg
2019-10-19 01:18:31     INFO: Analyzing m191019_0188.fits
2019-10-19 01:18:31     INFO:   solve-field -O -p -z 2 -t 2
2019-10-19 01:18:57     INFO:   Solved 26 s: 364.9 arcsec, 7.50 deg at drive = 56.25 deg
2019-10-19 01:38:02     INFO: Analyzing m191019_018[9].fits
2019-10-19 01:38:24     INFO: Analyzing m191019_0189.fits
2019-10-19 01:38:24     INFO:   solve-field -O -p -z 2 -t 2
2019-10-19 01:40:42     INFO:   Solved 138 s: 365.0 arcsec, 7.50 deg at drive = 45.98 deg
2019-10-19 01:41:34     INFO: Analyzing m191019_0190.fits
2019-10-19 01:41:34     INFO:   solve-field -O -p -z 2 -t 2
2019-10-19 01:48:13     INFO: Analyzing m191019_0191.fits
2019-10-19 01:48:13     INFO:   solve-field -O -p -z 2 -t 2
2019-10-19 01:50:08     INFO:   Solved 115 s: 364.9 arcsec, 7.27 deg at drive = -42.83 deg
2019-10-19 01:50:08     INFO: Analyzing m191019_0192.fits
2019-10-19 01:50:08     INFO:   solve-field -O -p -z 2 -t 2
2019-10-19 01:50:32     INFO:   Solved 24 s: 364.5 arcsec, 7.13 deg at drive = -87.30 deg
2019-10-19 01:50:32     INFO: Analyzing m191019_0193.fits
2019-10-19 01:50:32     INFO:   solve-field -O -p -z 2 -t 2
2019-10-19 01:52:40     INFO:   Solved 129 s: 365.0 arcsec, 7.01 deg at drive = -131.78 deg
2019-10-19 01:52:40     INFO: Analyzing m191019_0194.fits
2019-10-19 01:52:40     INFO:   solve-field -O -p -z 2 -t 2
2019-10-19 01:53:02     INFO:   Solved 22 s: 365.2 arcsec, 7.07 deg at drive = -176.32 deg
2019-10-19 01:53:02     INFO: Analyzing m191019_0195.fits
2019-10-19 01:53:02     INFO:   solve-field -O -p -z 2 -t 2
2019-10-19 01:53:22     INFO:   Solved 19 s: 365.4 arcsec, 7.21 deg at drive = -220.91 deg
2019-10-19 03:18:19     INFO: Analyzing m191019_0196.fits
2019-10-19 03:18:19     INFO:   solve-field -O -p -z 2 -t 2
2019-10-19 03:18:45     INFO:   Solved 26 s: 364.7 arcsec, 7.53 deg at drive = 45.00 deg
2019-10-19 03:18:45     INFO: Analyzing m191019_0197.fits
2019-10-19 03:18:45     INFO:   solve-field -O -p -z 2 -t 2
2019-10-19 03:19:08     INFO:   Solved 24 s: 364.6 arcsec, 7.41 deg at drive = 0.61 deg
2019-10-19 03:19:09     INFO: Analyzing m191019_0198.fits
2019-10-19 03:19:09     INFO:   solve-field -O -p -z 2 -t 2
2019-10-19 03:19:30     INFO:   Solved 21 s: 364.8 arcsec, 7.28 deg at drive = -43.83 deg
2019-10-19 03:19:30     INFO: Analyzing m191019_0199.fits
2019-10-19 03:19:30     INFO:   solve-field -O -p -z 2 -t 2
2019-10-19 03:19:55     INFO:   Solved 25 s: 365.2 arcsec, 7.17 deg at drive = -88.29 deg
2019-10-19 03:22:46     INFO: Analyzing m191019_0200.fits
2019-10-19 03:22:46     INFO:   solve-field -O -p -z 2 -t 2
2019-10-19 03:23:06     INFO:   Solved 20 s: 365.5 arcsec, 7.08 deg at drive = -132.75 deg
2019-10-19 03:23:06     INFO: Analyzing m191019_0201.fits
2019-10-19 03:23:06     INFO:   solve-field -O -p -z 2 -t 2
2019-10-19 03:23:24     INFO:   Solved 18 s: 365.4 arcsec, 7.10 deg at drive = -177.34 deg
2019-10-19 03:23:24     INFO: Analyzing m191019_0202.fits
2019-10-19 03:23:25     INFO:   solve-field -O -p -z 2 -t 2
2019-10-19 03:23:43     INFO:   Solved 18 s: 365.2 arcsec, 7.28 deg at drive = -221.92 deg
2019-10-19 03:23:43     INFO: Analyzing m191019_0203.fits
2019-10-19 03:23:43     INFO:   solve-field -O -p -z 2 -t 2
2019-10-19 03:23:55     INFO:   Solved 13 s: 364.9 arcsec, 7.42 deg at drive = -266.45 deg
2019-10-19 03:23:55     INFO: Analyzing m191019_0204.fits
2019-10-19 03:23:55     INFO:   solve-field -O -p -z 2 -t 2
2019-10-19 03:24:09     INFO:   Solved 13 s: 365.5 arcsec, 7.61 deg at drive = -310.91 deg
2019-10-19 03:24:09     INFO: Analyzing m191019_0205.fits
2019-10-19 03:24:09     INFO:   solve-field -O -p -z 2 -t 2
2019-10-19 03:25:48     INFO:   Solved 99 s: 364.7 arcsec, 7.41 deg at drive = -355.31 deg
2019-10-19 03:25:48     INFO: Analyzing m191019_0206.fits
2019-10-19 03:25:48     INFO:   solve-field -O -p -z 2 -t 2
2019-10-19 03:27:17     INFO:   Solved 89 s: 364.6 arcsec, 7.40 deg at drive = -354.91 deg
2019-10-19 03:32:51     INFO: Analyzing m191019_0207.fits
2019-10-19 03:32:51     INFO:   solve-field -O -p -z 2 -t 2
2019-10-19 03:33:09     INFO:   Solved 19 s: 364.9 arcsec, 7.28 deg at drive = -399.25 deg
2019-10-19 03:33:09     INFO: Analyzing m191019_0208.fits
2019-10-19 03:33:09     INFO:   solve-field -O -p -z 2 -t 2
2019-10-19 03:33:29     INFO:   Solved 20 s: 364.6 arcsec, 7.42 deg at drive = -353.36 deg
2019-10-19 03:33:29     INFO: Analyzing m191019_0209.fits
2019-10-19 03:33:30     INFO:   solve-field -O -p -z 2 -t 2
2019-10-19 03:33:47     INFO:   Solved 17 s: 364.8 arcsec, 7.52 deg at drive = -307.88 deg
2019-10-19 03:37:54     INFO: Analyzing m191019_0210.fits
2019-10-19 03:37:54     INFO:   solve-field -O -p -z 2 -t 2
2019-10-19 03:38:12     INFO:   Solved 17 s: 364.9 arcsec, 7.43 deg at drive = -262.31 deg
2019-10-19 03:38:12     INFO: Analyzing m191019_0211.fits
2019-10-19 03:38:12     INFO:   solve-field -O -p -z 2 -t 2
2019-10-19 03:38:30     INFO:   Solved 18 s: 365.1 arcsec, 7.27 deg at drive = -216.74 deg
2019-10-19 03:38:30     INFO: Analyzing m191019_0212.fits
2019-10-19 03:38:30     INFO:   solve-field -O -p -z 2 -t 2
2019-10-19 03:38:46     INFO:   Solved 16 s: 365.6 arcsec, 7.08 deg at drive = -171.12 deg
2019-10-19 03:38:46     INFO: Analyzing m191019_0213.fits
2019-10-19 03:38:46     INFO:   solve-field -O -p -z 2 -t 2
2019-10-19 03:39:06     INFO:   Solved 20 s: 365.4 arcsec, 7.09 deg at drive = -125.49 deg
2019-10-19 03:42:04     INFO: Analyzing m191019_0214.fits
2019-10-19 03:42:04     INFO:   solve-field -O -p -z 2 -t 2
2019-10-19 03:43:44     INFO:   Solved 100 s: 365.3 arcsec, 7.17 deg at drive = -79.98 deg
2019-10-19 03:43:44     INFO: Analyzing m191019_0215.fits
2019-10-19 03:43:44     INFO:   solve-field -O -p -z 2 -t 2
2019-10-19 03:44:02     INFO:   Solved 17 s: 364.7 arcsec, 7.28 deg at drive = -34.44 deg
2019-10-19 03:44:02     INFO: Analyzing m191019_0216.fits
2019-10-19 03:44:02     INFO:   solve-field -O -p -z 2 -t 2
2019-10-19 03:44:19     INFO:   Solved 17 s: 364.6 arcsec, 7.41 deg at drive = 11.01 deg
2019-10-19 03:46:41     INFO: Analyzing m191019_0217.fits
2019-10-19 03:46:41     INFO:   solve-field -O -p -z 2 -t 2
2019-10-19 03:46:56     INFO:   Solved 14 s: 364.8 arcsec, 7.52 deg at drive = 56.50 deg
