2019-05-15 23:16:28     INFO: Analyzing m190515_0001.fits
2019-05-15 23:16:28     INFO: Analyzing m190515_0002.fits
2019-05-15 23:16:28     INFO: Analyzing m190515_0003.fits
2019-05-15 23:16:28     INFO: Analyzing m190515_0004.fits
2019-05-15 23:16:28     INFO: Analyzing m190515_0005.fits
2019-05-15 23:16:28     INFO: Analyzing m190515_0006.fits
2019-05-15 23:16:28     INFO: Analyzing m190515_0007.fits
2019-05-15 23:16:28     INFO:   solve-field -O -p -z 2 -t 2
2019-05-15 23:27:20    ERROR:   Astrometry solve failed for m190515_0007.fits
2019-05-15 23:27:20     INFO: Analyzing m190515_0008.fits
2019-05-15 23:27:20     INFO:   solve-field -O -p -z 2 -t 2
2019-05-15 23:37:45    ERROR:   Astrometry solve failed for m190515_0008.fits
2019-05-15 23:37:45     INFO: Analyzing m190515_0009.fits
2019-05-15 23:37:45     INFO:   solve-field -O -p -z 2 -t 2
2019-05-15 23:38:09     INFO:   Solved 24 s: 402.7 arcsec, 0.40 deg at drive = -358.36 deg
2019-05-15 23:38:11     INFO: Analyzing m190515_0010.fits
2019-05-15 23:38:11     INFO:   solve-field -O -p -z 2 -t 2
2019-05-15 23:38:24     INFO:   Solved 14 s: 402.5 arcsec, 0.41 deg at drive = -357.89 deg
2019-05-15 23:38:24     INFO: Analyzing m190515_0011.fits
2019-05-15 23:38:24     INFO:   solve-field -O -p -z 2 -t 2
2019-05-15 23:40:13     INFO:   Solved 109 s: 403.0 arcsec, 0.91 deg at drive = -309.67 deg
2019-05-15 23:40:13     INFO: Analyzing m190515_0012.fits
2019-05-15 23:40:13     INFO:   solve-field -O -p -z 2 -t 2
2019-05-15 23:41:35     INFO:   Solved 81 s: 402.9 arcsec, 0.84 deg at drive = -308.84 deg
2019-05-15 23:41:35     INFO: Analyzing m190515_0013.fits
2019-05-15 23:41:35     INFO:   solve-field -O -p -z 2 -t 2
2019-05-15 23:41:50     INFO:   Solved 15 s: 403.4 arcsec, 1.19 deg at drive = -263.13 deg
2019-05-15 23:41:50     INFO: Analyzing m190515_0014.fits
2019-05-15 23:41:50     INFO:   solve-field -O -p -z 2 -t 2
2019-05-15 23:42:10     INFO:   Solved 20 s: 403.9 arcsec, 0.83 deg at drive = -217.44 deg
2019-05-15 23:42:10     INFO: Analyzing m190515_0015.fits
2019-05-15 23:42:10     INFO:   solve-field -O -p -z 2 -t 2
2019-05-15 23:42:27     INFO:   Solved 17 s: 403.6 arcsec, 0.35 deg at drive = -171.70 deg
2019-05-15 23:42:27     INFO: Analyzing m190515_0016.fits
2019-05-15 23:42:27     INFO:   solve-field -O -p -z 2 -t 2
2019-05-15 23:44:22     INFO:   Solved 115 s: 403.5 arcsec, -0.10 deg at drive = -126.07 deg
2019-05-15 23:44:22     INFO: Analyzing m190515_0017.fits
2019-05-15 23:44:22     INFO:   solve-field -O -p -z 2 -t 2
2019-05-15 23:44:43     INFO:   Solved 21 s: 403.0 arcsec, -0.28 deg at drive = -80.52 deg
2019-05-15 23:44:43     INFO: Analyzing m190515_0018.fits
2019-05-15 23:44:43     INFO:   solve-field -O -p -z 2 -t 2
2019-05-15 23:44:59     INFO:   Solved 15 s: 403.0 arcsec, -0.26 deg at drive = -80.18 deg
2019-05-15 23:44:59     INFO: Analyzing m190515_0019.fits
2019-05-15 23:44:59     INFO:   solve-field -O -p -z 2 -t 2
2019-05-15 23:45:16     INFO:   Solved 18 s: 402.4 arcsec, -0.15 deg at drive = -34.71 deg
2019-05-15 23:45:16     INFO: Analyzing m190515_0020.fits
2019-05-15 23:45:16     INFO:   solve-field -O -p -z 2 -t 2
2019-05-15 23:45:32     INFO:   Solved 16 s: 402.7 arcsec, 0.40 deg at drive = 10.79 deg
2019-05-15 23:45:32     INFO: Analyzing m190515_0021.fits
2019-05-15 23:45:32     INFO:   solve-field -O -p -z 2 -t 2
2019-05-15 23:45:48     INFO:   Solved 16 s: 402.9 arcsec, 0.40 deg at drive = 3.21 deg
2019-05-15 23:45:48     INFO: Analyzing m190515_0022.fits
2019-05-15 23:45:48     INFO:   solve-field -O -p -z 2 -t 2
2019-05-15 23:46:51     INFO:   Solved 63 s: 403.1 arcsec, 0.18 deg at drive = -41.18 deg
2019-05-15 23:46:51     INFO: Analyzing m190515_0023.fits
2019-05-15 23:46:51     INFO:   solve-field -O -p -z 2 -t 2
2019-05-15 23:47:07     INFO:   Solved 15 s: 403.2 arcsec, 0.00 deg at drive = -85.50 deg
2019-05-15 23:47:07     INFO: Analyzing m190515_0024.fits
2019-05-15 23:47:07     INFO:   solve-field -O -p -z 2 -t 2
2019-05-15 23:47:24     INFO:   Solved 17 s: 403.5 arcsec, 0.09 deg at drive = -129.97 deg
2019-05-15 23:47:24     INFO: Analyzing m190515_0025.fits
2019-05-15 23:47:24     INFO:   solve-field -O -p -z 2 -t 2
2019-05-15 23:48:49     INFO:   Solved 85 s: 403.8 arcsec, 0.34 deg at drive = -174.45 deg
2019-05-15 23:48:49     INFO: Analyzing m190515_0026.fits
2019-05-15 23:48:49     INFO:   solve-field -O -p -z 2 -t 2
2019-05-15 23:49:04     INFO:   Solved 15 s: 403.9 arcsec, 0.63 deg at drive = -218.90 deg
2019-05-15 23:49:04     INFO: Analyzing m190515_0027.fits
2019-05-15 23:49:04     INFO:   solve-field -O -p -z 2 -t 2
2019-05-15 23:49:18     INFO:   Solved 14 s: 403.4 arcsec, 0.72 deg at drive = -263.31 deg
2019-05-15 23:49:18     INFO: Analyzing m190515_0028.fits
2019-05-15 23:49:19     INFO:   solve-field -O -p -z 2 -t 2
2019-05-15 23:49:36     INFO:   Solved 17 s: 403.1 arcsec, 0.63 deg at drive = -307.24 deg
2019-05-15 23:49:36     INFO: Analyzing m190515_0029.fits
2019-05-15 23:49:36     INFO:   solve-field -O -p -z 2 -t 2
2019-05-15 23:49:51     INFO:   Solved 15 s: 403.0 arcsec, 0.38 deg at drive = -351.06 deg
2019-05-15 23:49:51     INFO: Analyzing m190515_0030.fits
2019-05-15 23:49:51     INFO:   solve-field -O -p -z 2 -t 2
2019-05-15 23:50:10     INFO:   Solved 19 s: 402.9 arcsec, 0.36 deg at drive = -357.89 deg
2019-05-15 23:50:10     INFO: Analyzing m190515_0031.fits
2019-05-15 23:50:10     INFO:   solve-field -O -p -z 2 -t 2
2019-05-15 23:50:25     INFO:   Solved 15 s: 403.2 arcsec, 0.50 deg at drive = -312.28 deg
2019-05-15 23:50:25     INFO: Analyzing m190515_0032.fits
2019-05-15 23:50:25     INFO:   solve-field -O -p -z 2 -t 2
2019-05-15 23:51:50     INFO:   Solved 85 s: 403.2 arcsec, 0.63 deg at drive = -266.59 deg
2019-05-15 23:51:50     INFO: Analyzing m190515_0033.fits
2019-05-15 23:51:50     INFO:   solve-field -O -p -z 2 -t 2
2019-05-15 23:52:09     INFO:   Solved 19 s: 403.6 arcsec, 0.53 deg at drive = -220.84 deg
2019-05-15 23:52:09     INFO: Analyzing m190515_0034.fits
2019-05-15 23:52:09     INFO:   solve-field -O -p -z 2 -t 2
2019-05-15 23:52:24     INFO:   Solved 16 s: 403.7 arcsec, 0.35 deg at drive = -175.05 deg
2019-05-15 23:52:25     INFO: Analyzing m190515_0035.fits
2019-05-15 23:52:25     INFO:   solve-field -O -p -z 2 -t 2
2019-05-15 23:52:40     INFO:   Solved 16 s: 403.3 arcsec, 0.23 deg at drive = -129.31 deg
2019-05-15 23:52:40     INFO: Analyzing m190515_0036.fits
2019-05-15 23:52:40     INFO:   solve-field -O -p -z 2 -t 2
2019-05-15 23:54:14     INFO:   Solved 93 s: 403.2 arcsec, 0.17 deg at drive = -83.64 deg
2019-05-15 23:54:14     INFO: Analyzing m190515_0037.fits
2019-05-15 23:54:14     INFO:   solve-field -O -p -z 2 -t 2
2019-05-15 23:55:38     INFO:   Solved 85 s: 403.0 arcsec, 0.20 deg at drive = -38.01 deg
2019-05-15 23:55:38     INFO: Analyzing m190515_0038.fits
2019-05-15 23:55:38     INFO:   solve-field -O -p -z 2 -t 2
2019-05-15 23:55:55     INFO:   Solved 17 s: 403.1 arcsec, 0.35 deg at drive = 7.60 deg
2019-05-15 23:55:55     INFO: Analyzing m190515_0039.fits
2019-05-15 23:55:55     INFO:   solve-field -O -p -z 2 -t 2
2019-05-15 23:57:42     INFO:   Solved 106 s: 403.5 arcsec, 0.37 deg at drive = 1.83 deg
2019-05-15 23:57:42     INFO: Analyzing m190515_0040.fits
2019-05-15 23:57:42     INFO:   solve-field -O -p -z 2 -t 2
2019-05-15 23:59:36     INFO:   Solved 114 s: 402.8 arcsec, 0.34 deg at drive = -42.24 deg
2019-05-15 23:59:36     INFO: Analyzing m190515_0041.fits
2019-05-15 23:59:36     INFO:   solve-field -O -p -z 2 -t 2
2019-05-15 23:59:58     INFO:   Solved 22 s: 403.4 arcsec, 0.19 deg at drive = -86.32 deg
2019-05-15 23:59:58     INFO: Analyzing m190515_0042.fits
2019-05-15 23:59:58     INFO:   solve-field -O -p -z 2 -t 2
2019-05-16 00:01:43     INFO:   Solved 105 s: 403.5 arcsec, 0.22 deg at drive = -130.66 deg
2019-05-16 00:01:43     INFO: Analyzing m190515_0043.fits
2019-05-16 00:01:43     INFO:   solve-field -O -p -z 2 -t 2
2019-05-16 00:02:01     INFO:   Solved 17 s: 403.7 arcsec, 0.33 deg at drive = -175.04 deg
2019-05-16 00:02:01     INFO: Analyzing m190515_0044.fits
2019-05-16 00:02:01     INFO:   solve-field -O -p -z 2 -t 2
2019-05-16 00:03:53     INFO:   Solved 112 s: 403.6 arcsec, 0.46 deg at drive = -219.39 deg
2019-05-16 00:03:53     INFO: Analyzing m190515_0045.fits
2019-05-16 00:03:53     INFO:   solve-field -O -p -z 2 -t 2
2019-05-16 00:04:13     INFO:   Solved 19 s: 403.6 arcsec, 0.50 deg at drive = -263.73 deg
2019-05-16 00:04:13     INFO: Analyzing m190515_0046.fits
2019-05-16 00:04:13     INFO:   solve-field -O -p -z 2 -t 2
2019-05-16 00:04:29     INFO:   Solved 17 s: 403.2 arcsec, 0.47 deg at drive = -307.92 deg
2019-05-16 00:04:29     INFO: Analyzing m190515_0047.fits
2019-05-16 00:04:29     INFO:   solve-field -O -p -z 2 -t 2
2019-05-16 00:06:29     INFO:   Solved 120 s: 403.4 arcsec, 0.37 deg at drive = -352.05 deg
2019-05-16 00:06:29     INFO: Analyzing m190515_0048.fits
2019-05-16 00:06:29     INFO:   solve-field -O -p -z 2 -t 2
2019-05-16 00:06:47     INFO:   Solved 17 s: 403.4 arcsec, 0.36 deg at drive = -357.66 deg
2019-05-16 00:06:47     INFO: Analyzing m190515_0049.fits
2019-05-16 00:06:47     INFO:   solve-field -O -p -z 2 -t 2
2019-05-16 00:08:36     INFO:   Solved 109 s: 403.2 arcsec, 0.40 deg at drive = -311.65 deg
2019-05-16 00:08:36     INFO: Analyzing m190515_0050.fits
2019-05-16 00:08:36     INFO:   solve-field -O -p -z 2 -t 2
2019-05-16 00:10:07     INFO:   Solved 91 s: 403.1 arcsec, 0.41 deg at drive = -311.43 deg
2019-05-16 00:10:07     INFO: Analyzing m190515_0051.fits
2019-05-16 00:10:07     INFO:   solve-field -O -p -z 2 -t 2
2019-05-16 00:10:26     INFO:   Solved 19 s: 403.1 arcsec, 0.40 deg at drive = -311.20 deg
2019-05-16 00:10:26     INFO: Analyzing m190515_0052.fits
2019-05-16 00:10:26     INFO:   solve-field -O -p -z 2 -t 2
2019-05-16 00:10:43     INFO:   Solved 17 s: 403.4 arcsec, 0.45 deg at drive = -265.14 deg
2019-05-16 00:10:43     INFO: Analyzing m190515_0053.fits
2019-05-16 00:10:43     INFO:   solve-field -O -p -z 2 -t 2
2019-05-16 00:12:12     INFO:   Solved 89 s: 403.2 arcsec, 0.44 deg at drive = -264.91 deg
2019-05-16 00:12:12     INFO: Analyzing m190515_0054.fits
2019-05-16 00:12:12     INFO:   solve-field -O -p -z 2 -t 2
2019-05-16 00:12:27     INFO:   Solved 15 s: 403.3 arcsec, 0.46 deg at drive = -264.67 deg
2019-05-16 00:12:27     INFO: Analyzing m190515_0055.fits
2019-05-16 00:12:28     INFO:   solve-field -O -p -z 2 -t 2
2019-05-16 00:14:54     INFO:   Solved 146 s: 403.4 arcsec, 0.42 deg at drive = -218.46 deg
2019-05-16 00:14:54     INFO: Analyzing m190515_0056.fits
2019-05-16 00:14:54     INFO:   solve-field -O -p -z 2 -t 2
2019-05-16 00:16:49     INFO:   Solved 115 s: 403.4 arcsec, 0.42 deg at drive = -218.22 deg
2019-05-16 00:16:49     INFO: Analyzing m190515_0057.fits
2019-05-16 00:16:49     INFO:   solve-field -O -p -z 2 -t 2
2019-05-16 00:17:10     INFO:   Solved 21 s: 403.3 arcsec, 0.43 deg at drive = -217.99 deg
2019-05-16 00:17:10     INFO: Analyzing m190515_0058.fits
2019-05-16 00:17:10     INFO:   solve-field -O -p -z 2 -t 2
2019-05-16 00:19:11     INFO:   Solved 122 s: 403.4 arcsec, 0.33 deg at drive = -171.56 deg
2019-05-16 00:19:11     INFO: Analyzing m190515_0059.fits
2019-05-16 00:19:11     INFO:   solve-field -O -p -z 2 -t 2
2019-05-16 00:20:38     INFO:   Solved 87 s: 403.4 arcsec, 0.32 deg at drive = -171.32 deg
2019-05-16 00:20:38     INFO: Analyzing m190515_0060.fits
2019-05-16 00:20:38     INFO:   solve-field -O -p -z 2 -t 2
2019-05-16 00:22:04     INFO:   Solved 86 s: 403.3 arcsec, 0.33 deg at drive = -171.09 deg
2019-05-16 00:22:04     INFO: Analyzing m190515_0061.fits
2019-05-16 00:22:04     INFO:   solve-field -O -p -z 2 -t 2
2019-05-16 00:22:22     INFO:   Solved 18 s: 403.2 arcsec, 0.27 deg at drive = -124.61 deg
2019-05-16 00:22:22     INFO: Analyzing m190515_0062.fits
2019-05-16 00:22:22     INFO:   solve-field -O -p -z 2 -t 2
2019-05-16 00:22:38     INFO:   Solved 16 s: 403.4 arcsec, 0.28 deg at drive = -124.37 deg
2019-05-16 00:22:38     INFO: Analyzing m190515_0063.fits
2019-05-16 00:22:38     INFO:   solve-field -O -p -z 2 -t 2
2019-05-16 00:24:49     INFO:   Solved 130 s: 403.4 arcsec, 0.27 deg at drive = -124.14 deg
2019-05-16 00:24:49     INFO: Analyzing m190515_0064.fits
2019-05-16 00:24:49     INFO:   solve-field -O -p -z 2 -t 2
2019-05-16 00:25:04     INFO:   Solved 15 s: 403.5 arcsec, 0.24 deg at drive = -77.82 deg
2019-05-16 00:25:04     INFO: Analyzing m190515_0065.fits
2019-05-16 00:25:04     INFO:   solve-field -O -p -z 2 -t 2
2019-05-16 00:26:35     INFO:   Solved 91 s: 403.6 arcsec, 0.25 deg at drive = -77.61 deg
2019-05-16 00:26:35     INFO: Analyzing m190515_0066.fits
2019-05-16 00:26:35     INFO:   solve-field -O -p -z 2 -t 2
2019-05-16 00:26:53     INFO:   Solved 17 s: 403.5 arcsec, 0.23 deg at drive = -77.38 deg
2019-05-16 00:26:53     INFO: Analyzing m190515_0067.fits
2019-05-16 00:26:53     INFO:   solve-field -O -p -z 2 -t 2
2019-05-16 00:34:03     INFO:   Solved 431 s: 403.5 arcsec, 0.31 deg at drive = -30.80 deg
2019-05-16 00:34:03     INFO: Analyzing m190515_0068.fits
2019-05-16 00:34:03     INFO:   solve-field -O -p -z 2 -t 2
2019-05-16 00:34:22     INFO:   Solved 18 s: 403.2 arcsec, 0.27 deg at drive = -30.58 deg
2019-05-16 00:34:22     INFO: Analyzing m190515_0069.fits
2019-05-16 00:34:22     INFO:   solve-field -O -p -z 2 -t 2
2019-05-16 00:36:07     INFO:   Solved 105 s: 403.4 arcsec, 0.28 deg at drive = -30.36 deg
2019-05-16 00:36:07     INFO: Analyzing m190515_0070.fits
2019-05-16 00:36:07     INFO:   solve-field -O -p -z 2 -t 2
2019-05-16 00:36:24     INFO:   Solved 18 s: 403.2 arcsec, 0.38 deg at drive = 15.51 deg
2019-05-16 00:36:24     INFO: Analyzing m190515_0071.fits
2019-05-16 00:36:24     INFO:   solve-field -O -p -z 2 -t 2
2019-05-16 00:36:42     INFO:   Solved 18 s: 403.4 arcsec, 0.35 deg at drive = 15.73 deg
2019-05-16 00:36:42     INFO: Analyzing m190515_0072.fits
2019-05-16 00:36:42     INFO:   solve-field -O -p -z 2 -t 2
2019-05-16 00:36:57     INFO:   Solved 15 s: 403.2 arcsec, 0.37 deg at drive = 15.94 deg
2019-05-16 00:36:57     INFO: Analyzing m190515_0073.fits
2019-05-16 00:36:57     INFO:   solve-field -O -p -z 2 -t 2
2019-05-16 00:47:19    ERROR:   Astrometry solve failed for m190515_0073.fits
2019-05-16 00:47:19     INFO: Analyzing m190515_0074.fits
2019-05-16 00:47:19     INFO:   solve-field -O -p -z 2 -t 2
2019-05-16 00:51:57     INFO:   Solved 278 s: 350725.4 arcsec, 121.25 deg at drive = 2.90 deg
2019-05-16 00:51:57     INFO: Analyzing m190515_0075.fits
2019-05-16 00:51:57     INFO:   solve-field -O -p -z 2 -t 2
2019-05-16 01:01:01     INFO:   Solved 544 s: 403.3 arcsec, 0.37 deg at drive = 3.33 deg
2019-05-16 01:01:01     INFO: Analyzing m190515_0076.fits
2019-05-16 01:01:01     INFO:   solve-field -O -p -z 2 -t 2
2019-05-16 01:03:36     INFO:   Solved 154 s: 403.1 arcsec, 0.28 deg at drive = -37.82 deg
2019-05-16 01:03:36     INFO: Analyzing m190515_0077.fits
2019-05-16 01:03:36     INFO:   solve-field -O -p -z 2 -t 2
2019-05-16 01:06:06     INFO:   Solved 151 s: 403.4 arcsec, 0.27 deg at drive = -80.05 deg
2019-05-16 01:06:06     INFO: Analyzing m190515_0078.fits
2019-05-16 01:06:06     INFO:   solve-field -O -p -z 2 -t 2
2019-05-16 01:15:11     INFO:   Solved 545 s: 403.3 arcsec, 0.30 deg at drive = -123.06 deg
2019-05-16 01:15:11     INFO: Analyzing m190515_0079.fits
2019-05-16 01:15:11     INFO:   solve-field -O -p -z 2 -t 2
2019-05-16 01:24:59     INFO:   Solved 588 s: 403.5 arcsec, 0.31 deg at drive = -166.19 deg
2019-05-16 01:24:59     INFO: Analyzing m190515_0080.fits
2019-05-16 01:24:59     INFO:   solve-field -O -p -z 2 -t 2
