2019-05-15 15:31:54     INFO: Analyzing m190515_0001.fits
2019-05-15 15:32:43     INFO: Analyzing m190515_0001.fits
2019-05-15 15:32:43     INFO: Analyzing m190515_0002.fits
2019-05-15 15:32:43     INFO: Analyzing m190515_0003.fits
2019-05-15 15:32:43     INFO: Analyzing m190515_0004.fits
2019-05-15 15:32:43     INFO: Analyzing m190515_0005.fits
2019-05-15 15:32:43     INFO: Analyzing m190515_0006.fits
2019-05-15 15:32:43     INFO: Analyzing m190515_0007.fits
2019-05-15 15:32:43     INFO:   solve-field -O -p -z 2 -T
2019-05-15 15:43:47    ERROR:   Astrometry solve failed for m190515_0007.fits
2019-05-15 15:43:47     INFO: Analyzing m190515_0008.fits
2019-05-15 15:43:47     INFO:   solve-field -O -p -z 2 -T
2019-05-15 15:54:02    ERROR:   Astrometry solve failed for m190515_0008.fits
2019-05-15 15:54:02     INFO: Analyzing m190515_0009.fits
2019-05-15 15:54:02     INFO:   solve-field -O -p -z 2 -T
2019-05-15 15:54:26     INFO:   Solved 24 s: 402.9 arcsec, 0.40 deg at drive = -358.36 deg
2019-05-15 15:54:27     INFO: Analyzing m190515_0010.fits
2019-05-15 15:54:27     INFO:   solve-field -O -p -z 2 -T
2019-05-15 15:54:41     INFO:   Solved 14 s: 402.7 arcsec, 0.41 deg at drive = -357.89 deg
2019-05-15 15:54:41     INFO: Analyzing m190515_0011.fits
2019-05-15 15:54:41     INFO:   solve-field -O -p -z 2 -T
2019-05-15 15:56:26     INFO:   Solved 105 s: 403.0 arcsec, 0.93 deg at drive = -309.67 deg
2019-05-15 15:56:26     INFO: Analyzing m190515_0012.fits
2019-05-15 15:56:26     INFO:   solve-field -O -p -z 2 -T
2019-05-15 15:57:44     INFO:   Solved 78 s: 402.6 arcsec, 0.80 deg at drive = -308.84 deg
2019-05-15 15:57:44     INFO: Analyzing m190515_0013.fits
2019-05-15 15:57:44     INFO:   solve-field -O -p -z 2 -T
2019-05-15 15:57:59     INFO:   Solved 15 s: 403.3 arcsec, 1.01 deg at drive = -263.13 deg
2019-05-15 15:57:59     INFO: Analyzing m190515_0014.fits
2019-05-15 15:57:59     INFO:   solve-field -O -p -z 2 -T
2019-05-15 15:58:18     INFO:   Solved 19 s: 404.0 arcsec, 0.85 deg at drive = -217.44 deg
2019-05-15 15:58:18     INFO: Analyzing m190515_0015.fits
2019-05-15 15:58:18     INFO:   solve-field -O -p -z 2 -T
2019-05-15 15:58:35     INFO:   Solved 17 s: 403.6 arcsec, 0.35 deg at drive = -171.70 deg
2019-05-15 15:58:35     INFO: Analyzing m190515_0016.fits
2019-05-15 15:58:35     INFO:   solve-field -O -p -z 2 -T
2019-05-15 16:00:17     INFO:   Solved 102 s: 403.3 arcsec, 0.03 deg at drive = -126.07 deg
2019-05-15 16:00:17     INFO: Analyzing m190515_0017.fits
2019-05-15 16:00:17     INFO:   solve-field -O -p -z 2 -T
2019-05-15 16:00:35     INFO:   Solved 18 s: 403.2 arcsec, -0.28 deg at drive = -80.52 deg
2019-05-15 16:00:35     INFO: Analyzing m190515_0018.fits
2019-05-15 16:00:35     INFO:   solve-field -O -p -z 2 -T
2019-05-15 16:00:50     INFO:   Solved 15 s: 403.2 arcsec, -0.26 deg at drive = -80.18 deg
2019-05-15 16:00:50     INFO: Analyzing m190515_0019.fits
2019-05-15 16:00:50     INFO:   solve-field -O -p -z 2 -T
2019-05-15 16:01:06     INFO:   Solved 16 s: 402.8 arcsec, -0.05 deg at drive = -34.71 deg
2019-05-15 16:01:06     INFO: Analyzing m190515_0020.fits
2019-05-15 16:01:06     INFO:   solve-field -O -p -z 2 -T
2019-05-15 16:01:21     INFO:   Solved 15 s: 402.9 arcsec, 0.40 deg at drive = 10.79 deg
2019-05-15 16:01:21     INFO: Analyzing m190515_0021.fits
2019-05-15 16:01:21     INFO:   solve-field -O -p -z 2 -T
2019-05-15 16:01:36     INFO:   Solved 15 s: 402.9 arcsec, 0.41 deg at drive = 3.21 deg
2019-05-15 16:01:36     INFO: Analyzing m190515_0022.fits
2019-05-15 16:01:36     INFO:   solve-field -O -p -z 2 -T
2019-05-15 16:02:38     INFO:   Solved 61 s: 402.9 arcsec, 0.15 deg at drive = -41.18 deg
2019-05-15 16:02:38     INFO: Analyzing m190515_0023.fits
2019-05-15 16:02:38     INFO:   solve-field -O -p -z 2 -T
2019-05-15 16:02:52     INFO:   Solved 15 s: 403.3 arcsec, 0.00 deg at drive = -85.50 deg
2019-05-15 16:02:52     INFO: Analyzing m190515_0024.fits
2019-05-15 16:02:52     INFO:   solve-field -O -p -z 2 -T
2019-05-15 16:03:09     INFO:   Solved 17 s: 403.7 arcsec, 0.09 deg at drive = -129.97 deg
2019-05-15 16:03:09     INFO: Analyzing m190515_0025.fits
2019-05-15 16:03:09     INFO:   solve-field -O -p -z 2 -T
2019-05-15 16:04:23     INFO:   Solved 73 s: 403.7 arcsec, 0.35 deg at drive = -174.45 deg
2019-05-15 16:04:23     INFO: Analyzing m190515_0026.fits
2019-05-15 16:04:23     INFO:   solve-field -O -p -z 2 -T
2019-05-15 16:04:38     INFO:   Solved 15 s: 403.9 arcsec, 0.64 deg at drive = -218.90 deg
2019-05-15 16:04:38     INFO: Analyzing m190515_0027.fits
2019-05-15 16:04:38     INFO:   solve-field -O -p -z 2 -T
2019-05-15 16:04:52     INFO:   Solved 14 s: 403.5 arcsec, 0.73 deg at drive = -263.31 deg
2019-05-15 16:04:52     INFO: Analyzing m190515_0028.fits
2019-05-15 16:04:52     INFO:   solve-field -O -p -z 2 -T
2019-05-15 16:05:08     INFO:   Solved 16 s: 403.1 arcsec, 0.62 deg at drive = -307.24 deg
2019-05-15 16:05:08     INFO: Analyzing m190515_0029.fits
2019-05-15 16:05:08     INFO:   solve-field -O -p -z 2 -T
2019-05-15 16:05:23     INFO:   Solved 15 s: 403.0 arcsec, 0.39 deg at drive = -351.06 deg
2019-05-15 16:05:23     INFO: Analyzing m190515_0030.fits
2019-05-15 16:05:23     INFO:   solve-field -O -p -z 2 -T
2019-05-15 16:05:41     INFO:   Solved 18 s: 403.0 arcsec, 0.35 deg at drive = -357.89 deg
2019-05-15 16:05:41     INFO: Analyzing m190515_0031.fits
2019-05-15 16:05:41     INFO:   solve-field -O -p -z 2 -T
2019-05-15 16:05:56     INFO:   Solved 15 s: 403.2 arcsec, 0.51 deg at drive = -312.28 deg
2019-05-15 16:05:56     INFO: Analyzing m190515_0032.fits
2019-05-15 16:05:56     INFO:   solve-field -O -p -z 2 -T
2019-05-15 16:07:15     INFO:   Solved 78 s: 403.1 arcsec, 0.63 deg at drive = -266.59 deg
2019-05-15 16:07:15     INFO: Analyzing m190515_0033.fits
2019-05-15 16:07:15     INFO:   solve-field -O -p -z 2 -T
2019-05-15 16:07:33     INFO:   Solved 19 s: 403.7 arcsec, 0.54 deg at drive = -220.84 deg
2019-05-15 16:07:33     INFO: Analyzing m190515_0034.fits
2019-05-15 16:07:33     INFO:   solve-field -O -p -z 2 -T
2019-05-15 16:07:49     INFO:   Solved 16 s: 403.7 arcsec, 0.35 deg at drive = -175.05 deg
2019-05-15 16:07:49     INFO: Analyzing m190515_0035.fits
2019-05-15 16:07:49     INFO:   solve-field -O -p -z 2 -T
2019-05-15 16:08:05     INFO:   Solved 16 s: 403.6 arcsec, 0.22 deg at drive = -129.31 deg
2019-05-15 16:08:05     INFO: Analyzing m190515_0036.fits
2019-05-15 16:08:05     INFO:   solve-field -O -p -z 2 -T
2019-05-15 16:09:31     INFO:   Solved 86 s: 403.5 arcsec, 0.19 deg at drive = -83.64 deg
2019-05-15 16:09:31     INFO: Analyzing m190515_0037.fits
2019-05-15 16:09:31     INFO:   solve-field -O -p -z 2 -T
2019-05-15 16:10:43     INFO:   Solved 72 s: 403.1 arcsec, 0.19 deg at drive = -38.01 deg
2019-05-15 16:10:43     INFO: Analyzing m190515_0038.fits
2019-05-15 16:10:43     INFO:   solve-field -O -p -z 2 -T
2019-05-15 16:11:01     INFO:   Solved 17 s: 403.2 arcsec, 0.34 deg at drive = 7.60 deg
2019-05-15 16:11:01     INFO: Analyzing m190515_0039.fits
2019-05-15 16:11:01     INFO:   solve-field -O -p -z 2 -T
2019-05-15 16:12:43     INFO:   Solved 102 s: 403.3 arcsec, 0.37 deg at drive = 1.83 deg
2019-05-15 16:12:43     INFO: Analyzing m190515_0040.fits
2019-05-15 16:12:43     INFO:   solve-field -O -p -z 2 -T
2019-05-15 16:14:11     INFO:   Solved 88 s: 403.1 arcsec, 0.32 deg at drive = -42.24 deg
2019-05-15 16:14:11     INFO: Analyzing m190515_0041.fits
2019-05-15 16:14:11     INFO:   solve-field -O -p -z 2 -T
2019-05-15 16:14:29     INFO:   Solved 18 s: 403.7 arcsec, 0.17 deg at drive = -86.32 deg
2019-05-15 16:14:29     INFO: Analyzing m190515_0042.fits
2019-05-15 16:14:29     INFO:   solve-field -O -p -z 2 -T
2019-05-15 16:15:53     INFO:   Solved 84 s: 403.5 arcsec, 0.24 deg at drive = -130.66 deg
2019-05-15 16:15:53     INFO: Analyzing m190515_0043.fits
2019-05-15 16:15:53     INFO:   solve-field -O -p -z 2 -T
2019-05-15 16:16:09     INFO:   Solved 16 s: 403.4 arcsec, 0.32 deg at drive = -175.04 deg
2019-05-15 16:16:09     INFO: Analyzing m190515_0044.fits
2019-05-15 16:16:09     INFO:   solve-field -O -p -z 2 -T
2019-05-15 16:17:54     INFO:   Solved 104 s: 403.4 arcsec, 0.45 deg at drive = -219.39 deg
2019-05-15 16:17:54     INFO: Analyzing m190515_0045.fits
2019-05-15 16:17:54     INFO:   solve-field -O -p -z 2 -T
2019-05-15 16:18:11     INFO:   Solved 18 s: 404.0 arcsec, 0.54 deg at drive = -263.73 deg
2019-05-15 16:18:11     INFO: Analyzing m190515_0046.fits
2019-05-15 16:18:11     INFO:   solve-field -O -p -z 2 -T
2019-05-15 16:18:27     INFO:   Solved 16 s: 403.2 arcsec, 0.47 deg at drive = -307.92 deg
2019-05-15 16:18:27     INFO: Analyzing m190515_0047.fits
2019-05-15 16:18:27     INFO:   solve-field -O -p -z 2 -T
2019-05-15 16:20:06     INFO:   Solved 98 s: 403.3 arcsec, 0.38 deg at drive = -352.05 deg
2019-05-15 16:20:06     INFO: Analyzing m190515_0048.fits
2019-05-15 16:20:06     INFO:   solve-field -O -p -z 2 -T
2019-05-15 16:20:22     INFO:   Solved 16 s: 403.3 arcsec, 0.36 deg at drive = -357.66 deg
2019-05-15 16:20:22     INFO: Analyzing m190515_0049.fits
2019-05-15 16:20:22     INFO:   solve-field -O -p -z 2 -T
2019-05-15 16:22:04     INFO:   Solved 102 s: 403.0 arcsec, 0.43 deg at drive = -311.65 deg
2019-05-15 16:22:04     INFO: Analyzing m190515_0050.fits
2019-05-15 16:22:04     INFO:   solve-field -O -p -z 2 -T
2019-05-15 16:23:32     INFO:   Solved 88 s: 403.0 arcsec, 0.44 deg at drive = -311.43 deg
2019-05-15 16:23:32     INFO: Analyzing m190515_0051.fits
2019-05-15 16:23:32     INFO:   solve-field -O -p -z 2 -T
2019-05-15 16:23:50     INFO:   Solved 18 s: 403.6 arcsec, 0.41 deg at drive = -311.20 deg
2019-05-15 16:23:50     INFO: Analyzing m190515_0052.fits
2019-05-15 16:23:50     INFO:   solve-field -O -p -z 2 -T
2019-05-15 16:24:07     INFO:   Solved 17 s: 403.5 arcsec, 0.41 deg at drive = -265.14 deg
2019-05-15 16:24:07     INFO: Analyzing m190515_0053.fits
2019-05-15 16:24:07     INFO:   solve-field -O -p -z 2 -T
2019-05-15 16:25:24     INFO:   Solved 78 s: 403.3 arcsec, 0.45 deg at drive = -264.91 deg
2019-05-15 16:25:24     INFO: Analyzing m190515_0054.fits
2019-05-15 16:25:24     INFO:   solve-field -O -p -z 2 -T
2019-05-15 16:25:39     INFO:   Solved 15 s: 403.2 arcsec, 0.43 deg at drive = -264.67 deg
2019-05-15 16:25:39     INFO: Analyzing m190515_0055.fits
2019-05-15 16:25:39     INFO:   solve-field -O -p -z 2 -T
2019-05-15 16:27:56     INFO:   Solved 137 s: 403.3 arcsec, 0.43 deg at drive = -218.46 deg
2019-05-15 16:27:56     INFO: Analyzing m190515_0056.fits
2019-05-15 16:27:56     INFO:   solve-field -O -p -z 2 -T
2019-05-15 16:29:48     INFO:   Solved 112 s: 403.3 arcsec, 0.44 deg at drive = -218.22 deg
2019-05-15 16:29:48     INFO: Analyzing m190515_0057.fits
2019-05-15 16:29:48     INFO:   solve-field -O -p -z 2 -T
2019-05-15 16:30:08     INFO:   Solved 20 s: 403.6 arcsec, 0.43 deg at drive = -217.99 deg
2019-05-15 16:30:08     INFO: Analyzing m190515_0058.fits
2019-05-15 16:30:08     INFO:   solve-field -O -p -z 2 -T
2019-05-15 16:31:57     INFO:   Solved 109 s: 403.2 arcsec, 0.31 deg at drive = -171.56 deg
2019-05-15 16:31:57     INFO: Analyzing m190515_0059.fits
2019-05-15 16:31:57     INFO:   solve-field -O -p -z 2 -T
2019-05-15 16:33:14     INFO:   Solved 77 s: 403.7 arcsec, 0.29 deg at drive = -171.32 deg
2019-05-15 16:33:14     INFO: Analyzing m190515_0060.fits
2019-05-15 16:33:14     INFO:   solve-field -O -p -z 2 -T
2019-05-15 16:34:33     INFO:   Solved 79 s: 403.6 arcsec, 0.30 deg at drive = -171.09 deg
2019-05-15 16:34:33     INFO: Analyzing m190515_0061.fits
2019-05-15 16:34:33     INFO:   solve-field -O -p -z 2 -T
2019-05-15 16:34:50     INFO:   Solved 17 s: 402.9 arcsec, 0.20 deg at drive = -124.61 deg
2019-05-15 16:34:50     INFO: Analyzing m190515_0062.fits
2019-05-15 16:34:50     INFO:   solve-field -O -p -z 2 -T
2019-05-15 16:35:06     INFO:   Solved 15 s: 403.0 arcsec, 0.22 deg at drive = -124.37 deg
2019-05-15 16:35:06     INFO: Analyzing m190515_0063.fits
2019-05-15 16:35:06     INFO:   solve-field -O -p -z 2 -T
2019-05-15 16:37:07     INFO:   Solved 122 s: 403.0 arcsec, 0.21 deg at drive = -124.14 deg
2019-05-15 16:37:07     INFO: Analyzing m190515_0064.fits
2019-05-15 16:37:07     INFO:   solve-field -O -p -z 2 -T
2019-05-15 16:37:22     INFO:   Solved 15 s: 403.4 arcsec, 0.26 deg at drive = -77.82 deg
2019-05-15 16:37:22     INFO: Analyzing m190515_0065.fits
2019-05-15 16:37:22     INFO:   solve-field -O -p -z 2 -T
2019-05-15 16:38:52     INFO:   Solved 90 s: 403.6 arcsec, 0.26 deg at drive = -77.61 deg
2019-05-15 16:38:52     INFO: Analyzing m190515_0066.fits
2019-05-15 16:38:52     INFO:   solve-field -O -p -z 2 -T
2019-05-15 16:39:08     INFO:   Solved 16 s: 403.6 arcsec, 0.26 deg at drive = -77.38 deg
2019-05-15 16:39:08     INFO: Analyzing m190515_0067.fits
2019-05-15 16:39:08     INFO:   solve-field -O -p -z 2 -T
2019-05-15 16:46:11     INFO:   Solved 423 s: 403.3 arcsec, 0.34 deg at drive = -30.80 deg
2019-05-15 16:46:11     INFO: Analyzing m190515_0068.fits
2019-05-15 16:46:11     INFO:   solve-field -O -p -z 2 -T
2019-05-15 16:46:29     INFO:   Solved 18 s: 403.2 arcsec, 0.22 deg at drive = -30.58 deg
2019-05-15 16:46:29     INFO: Analyzing m190515_0069.fits
2019-05-15 16:46:29     INFO:   solve-field -O -p -z 2 -T
2019-05-15 16:48:14     INFO:   Solved 104 s: 403.7 arcsec, 0.29 deg at drive = -30.36 deg
2019-05-15 16:48:14     INFO: Analyzing m190515_0070.fits
2019-05-15 16:48:14     INFO:   solve-field -O -p -z 2 -T
2019-05-15 16:48:31     INFO:   Solved 17 s: 403.2 arcsec, 0.38 deg at drive = 15.51 deg
2019-05-15 16:48:31     INFO: Analyzing m190515_0071.fits
2019-05-15 16:48:31     INFO:   solve-field -O -p -z 2 -T
2019-05-15 16:48:48     INFO:   Solved 17 s: 403.1 arcsec, 0.35 deg at drive = 15.73 deg
2019-05-15 16:48:48     INFO: Analyzing m190515_0072.fits
2019-05-15 16:48:48     INFO:   solve-field -O -p -z 2 -T
2019-05-15 16:49:03     INFO:   Solved 15 s: 403.2 arcsec, 0.36 deg at drive = 15.94 deg
2019-05-15 16:49:03     INFO: Analyzing m190515_0073.fits
2019-05-15 16:49:03     INFO:   solve-field -O -p -z 2 -T
2019-05-15 16:59:22    ERROR:   Astrometry solve failed for m190515_0073.fits
2019-05-15 16:59:22     INFO: Analyzing m190515_0074.fits
2019-05-15 16:59:22     INFO:   solve-field -O -p -z 2 -T
2019-05-15 17:03:58     INFO:   Solved 276 s: 350725.4 arcsec, 121.25 deg at drive = 2.90 deg
2019-05-15 17:03:58     INFO: Analyzing m190515_0075.fits
2019-05-15 17:03:58     INFO:   solve-field -O -p -z 2 -T
2019-05-15 17:13:01     INFO:   Solved 543 s: 403.2 arcsec, 0.36 deg at drive = 3.33 deg
2019-05-15 17:13:02     INFO: Analyzing m190515_0076.fits
2019-05-15 17:13:02     INFO:   solve-field -O -p -z 2 -T
2019-05-15 17:15:32     INFO:   Solved 151 s: 403.1 arcsec, 0.22 deg at drive = -37.82 deg
2019-05-15 17:15:33     INFO: Analyzing m190515_0077.fits
2019-05-15 17:15:33     INFO:   solve-field -O -p -z 2 -T
2019-05-15 17:17:46     INFO:   Solved 133 s: 403.4 arcsec, 0.30 deg at drive = -80.05 deg
2019-05-15 17:17:46     INFO: Analyzing m190515_0078.fits
2019-05-15 17:17:46     INFO:   solve-field -O -p -z 2 -T
2019-05-15 17:26:50     INFO:   Solved 544 s: 403.0 arcsec, 0.35 deg at drive = -123.06 deg
2019-05-15 17:26:50     INFO: Analyzing m190515_0079.fits
2019-05-15 17:26:50     INFO:   solve-field -O -p -z 2 -T
2019-05-15 17:36:26     INFO:   Solved 575 s: 403.4 arcsec, 0.32 deg at drive = -166.19 deg
2019-05-15 17:36:26     INFO: Analyzing m190515_0080.fits
2019-05-15 17:36:26     INFO:   solve-field -O -p -z 2 -T
2019-05-15 17:44:33     INFO:   Solved 488 s: 403.6 arcsec, 0.36 deg at drive = -209.29 deg
2019-05-15 17:44:33     INFO: Analyzing m190515_0081.fits
2019-05-15 17:44:34     INFO:   solve-field -O -p -z 2 -T
2019-05-15 17:55:04    ERROR:   Astrometry solve failed for m190515_0081.fits
2019-05-15 17:55:04     INFO: Analyzing m190515_0082.fits
2019-05-15 17:55:04     INFO:   solve-field -O -p -z 2 -T
2019-05-15 17:55:24     INFO:   Solved 20 s: 403.9 arcsec, 0.40 deg at drive = -295.32 deg
2019-05-15 17:55:24     INFO: Analyzing m190515_0083.fits
2019-05-15 17:55:24     INFO:   solve-field -O -p -z 2 -T
2019-05-15 18:06:01     INFO:   Solved 638 s: 402.9 arcsec, 0.33 deg at drive = -338.17 deg
2019-05-15 18:06:01     INFO: Analyzing m190515_0084.fits
2019-05-15 18:06:01     INFO:   solve-field -O -p -z 2 -T
2019-05-15 18:07:42     INFO:   Solved 101 s: 402.6 arcsec, 0.40 deg at drive = -354.79 deg
2019-05-15 18:07:42     INFO: Analyzing m190515_0085.fits
2019-05-15 18:07:42     INFO:   solve-field -O -p -z 2 -T
2019-05-15 18:07:59     INFO:   Solved 17 s: 403.1 arcsec, 0.61 deg at drive = -309.30 deg
2019-05-15 18:07:59     INFO: Analyzing m190515_0086.fits
2019-05-15 18:07:59     INFO:   solve-field -O -p -z 2 -T
2019-05-15 18:08:16     INFO:   Solved 17 s: 402.9 arcsec, 0.74 deg at drive = -263.81 deg
2019-05-15 18:08:16     INFO: Analyzing m190515_0087.fits
2019-05-15 18:08:16     INFO:   solve-field -O -p -z 2 -T
2019-05-15 18:08:30     INFO:   Solved 14 s: 403.8 arcsec, 0.63 deg at drive = -218.23 deg
2019-05-15 18:08:30     INFO: Analyzing m190515_0088.fits
2019-05-15 18:08:31     INFO:   solve-field -O -p -z 2 -T
2019-05-15 18:09:51     INFO:   Solved 81 s: 403.5 arcsec, 0.41 deg at drive = -172.64 deg
2019-05-15 18:09:51     INFO: Analyzing m190515_0089.fits
2019-05-15 18:09:51     INFO:   solve-field -O -p -z 2 -T
2019-05-15 18:11:08     INFO:   Solved 77 s: 403.2 arcsec, 0.15 deg at drive = -127.08 deg
2019-05-15 18:11:08     INFO: Analyzing m190515_0090.fits
2019-05-15 18:11:08     INFO:   solve-field -O -p -z 2 -T
2019-05-15 18:11:22     INFO:   Solved 14 s: 403.2 arcsec, 0.07 deg at drive = -81.54 deg
2019-05-15 18:11:22     INFO: Analyzing m190515_0091.fits
2019-05-15 18:11:22     INFO:   solve-field -O -p -z 2 -T
2019-05-15 18:11:41     INFO:   Solved 19 s: 402.9 arcsec, 0.16 deg at drive = -36.06 deg
2019-05-15 18:11:41     INFO: Analyzing m190515_0092.fits
2019-05-15 18:11:41     INFO:   solve-field -O -p -z 2 -T
2019-05-15 18:11:56     INFO:   Solved 16 s: 402.9 arcsec, 0.36 deg at drive = 9.45 deg
